#
# There is insufficient memory for the Java Runtime Environment to continue.
# Native memory allocation (malloc) failed to allocate 32744 bytes for ChunkPool::allocate
# Possible reasons:
#   The system is out of physical RAM or swap space
#   In 32 bit mode, the process size limit was hit
# Possible solutions:
#   Reduce memory load on the system
#   Increase physical memory or swap space
#   Check if swap backing store is full
#   Use 64 bit Java on a 64 bit OS
#   Decrease Java heap size (-Xmx/-Xms)
#   Decrease number of Java threads
#   Decrease Java thread stack sizes (-Xss)
#   Set larger code cache with -XX:ReservedCodeCacheSize=
# This output file may be truncated or incomplete.
#
#  Out of Memory Error (allocation.cpp:273), pid=16608, tid=0x00000000000046a8
#
# JRE version: OpenJDK Runtime Environment (8.0_76-b03) (build 1.8.0_76-release-b03)
# Java VM: OpenJDK 64-Bit Server VM (25.76-b03 mixed mode windows-amd64 compressed oops)
# Failed to write core dump. Minidumps are not enabled by default on client versions of Windows
#

---------------  T H R E A D  ---------------

Current thread (0x0000000014d8e000):  JavaThread "C1 CompilerThread2" daemon [_thread_in_native, id=18088, stack(0x0000000017a90000,0x0000000017b90000)]

Stack: [0x0000000017a90000,0x0000000017b90000]
[error occurred during error reporting (printing stack bounds), id 0xc0000005]

Native frames: (J=compiled Java code, j=interpreted, Vv=VM code, C=native code)


Current CompileTask:
C1:    816  838   !   3       com.android.dx.cf.code.RopperMachine::run (1550 bytes)


---------------  P R O C E S S  ---------------

Java Threads: ( => current thread )
  0x0000000017cf2800 JavaThread "pool-2-thread-4" [_thread_in_Java, id=18448, stack(0x0000000018590000,0x0000000018690000)]
  0x0000000017cee000 JavaThread "pool-2-thread-3" [_thread_in_Java, id=18440, stack(0x0000000018490000,0x0000000018590000)]
  0x0000000017ce9800 JavaThread "pool-2-thread-2" [_thread_in_vm, id=6208, stack(0x0000000018390000,0x0000000018490000)]
  0x0000000017ce1800 JavaThread "pool-3-thread-1" [_thread_blocked, id=16568, stack(0x0000000018290000,0x0000000018390000)]
  0x0000000017ce0800 JavaThread "pool-2-thread-1" [_thread_in_Java, id=17112, stack(0x0000000018190000,0x0000000018290000)]
  0x0000000017b95000 JavaThread "Service Thread" daemon [_thread_blocked, id=18232, stack(0x0000000017f90000,0x0000000018090000)]
=>0x0000000014d8e000 JavaThread "C1 CompilerThread2" daemon [_thread_in_native, id=18088, stack(0x0000000017a90000,0x0000000017b90000)]
  0x0000000014d85800 JavaThread "C2 CompilerThread1" daemon [_thread_in_native, id=12252, stack(0x0000000017990000,0x0000000017a90000)]
  0x0000000014d2c000 JavaThread "C2 CompilerThread0" daemon [_thread_in_native, id=18348, stack(0x0000000017890000,0x0000000017990000)]
  0x0000000014d2a800 JavaThread "Attach Listener" daemon [_thread_blocked, id=2244, stack(0x0000000017790000,0x0000000017890000)]
  0x0000000014d29800 JavaThread "Signal Dispatcher" daemon [_thread_blocked, id=12672, stack(0x0000000017690000,0x0000000017790000)]
  0x0000000014d18800 JavaThread "Finalizer" daemon [_thread_blocked, id=3184, stack(0x0000000015f80000,0x0000000016080000)]
  0x0000000002651000 JavaThread "Reference Handler" daemon [_thread_blocked, id=15032, stack(0x0000000015e80000,0x0000000015f80000)]
  0x0000000002560800 JavaThread "main" [_thread_in_Java, id=18272, stack(0x0000000002460000,0x0000000002560000)]

Other Threads:
  0x0000000014cf5800 VMThread [stack: 0x0000000015d80000,0x0000000015e80000] [id=18224]
  0x0000000017b97000 WatcherThread [stack: 0x0000000018090000,0x0000000018190000] [id=18340]

VM state:not at safepoint (normal execution)

VM Mutex/Monitor currently owned by a thread: None

Heap:
 PSYoungGen      total 38400K, used 21332K [0x00000000eab00000, 0x00000000ed580000, 0x0000000100000000)
  eden space 33280K, 64% used [0x00000000eab00000,0x00000000ebfd5198,0x00000000ecb80000)
  from space 5120K, 0% used [0x00000000ed080000,0x00000000ed080000,0x00000000ed580000)
  to   space 5120K, 0% used [0x00000000ecb80000,0x00000000ecb80000,0x00000000ed080000)
 ParOldGen       total 87552K, used 0K [0x00000000c0000000, 0x00000000c5580000, 0x00000000eab00000)
  object space 87552K, 0% used [0x00000000c0000000,0x00000000c0000000,0x00000000c5580000)
 Metaspace       used 5728K, capacity 6768K, committed 7040K, reserved 1056768K
  class space    used 572K, capacity 616K, committed 640K, reserved 1048576K

Card table byte_map: [0x0000000011a20000,0x0000000011c30000] byte_map_base: 0x0000000011420000

Marking Bits: (ParMarkBitMap*) 0x0000000072a29d00
 Begin Bits: [0x0000000012190000, 0x0000000013190000)
 End Bits:   [0x0000000013190000, 0x0000000014190000)

Polling page: 0x0000000002370000

CodeCache: size=245760Kb used=3189Kb max_used=3189Kb free=242570Kb
 bounds [0x0000000002660000, 0x0000000002980000, 0x0000000011660000]
 total_blobs=1074 nmethods=806 adapters=182
 compilation: enabled

Compilation events (10 events):
Event: 0.802 Thread 0x0000000014d8e000 nmethod 836 0x000000000297f390 code [0x000000000297f4e0, 0x000000000297f5f0]
Event: 0.802 Thread 0x0000000014d8e000  845       1       com.android.dx.cf.code.BasicBlocker::setPreviousOffset (6 bytes)
Event: 0.802 Thread 0x0000000014d8e000 nmethod 845 0x000000000297f0d0 code [0x000000000297f220, 0x000000000297f330]
Event: 0.802 Thread 0x0000000014d8e000  813       3       com.android.dx.ssa.BasicRegisterMapper::addMapping (68 bytes)
Event: 0.802 Thread 0x0000000014d8e000 nmethod 813 0x000000000297e850 code [0x000000000297e9e0, 0x000000000297ef38]
Event: 0.802 Thread 0x0000000014d8e000  825       3       com.android.dx.ssa.back.SsaToRop$1::visitBlock (97 bytes)
Event: 0.803 Thread 0x0000000014d8e000 nmethod 825 0x00000000029672d0 code [0x0000000002967540, 0x0000000002968488]
Event: 0.803 Thread 0x0000000014d8e000  812       3       java.util.ArrayList::indexOf (67 bytes)
Event: 0.804 Thread 0x0000000014d8e000 nmethod 812 0x000000000297dfd0 code [0x000000000297e160, 0x000000000297e628]
Event: 0.804 Thread 0x0000000014d8e000  838   !   3       com.android.dx.cf.code.RopperMachine::run (1550 bytes)

GC Heap History (0 events):
No events

Deoptimization events (7 events):
Event: 0.333 Thread 0x0000000002560800 Uncommon trap: reason=unstable_if action=reinterpret pc=0x00000000027a9cd0 method=java.lang.String.indexOf(II)I @ 49
Event: 0.641 Thread 0x0000000017ce0800 Uncommon trap: reason=unstable_if action=reinterpret pc=0x00000000028a186c method=com.android.dx.rop.code.RegisterSpecSet.put(Lcom/android/dx/rop/code/RegisterSpec;)V @ 77
Event: 0.777 Thread 0x0000000017cee000 Uncommon trap: reason=class_check action=maybe_recompile pc=0x000000000297709c method=com.android.dx.ssa.NormalSsaInsn.accept(Lcom/android/dx/ssa/SsaInsn$Visitor;)V @ 9
Event: 0.777 Thread 0x0000000017cee000 Uncommon trap: reason=class_check action=maybe_recompile pc=0x000000000297709c method=com.android.dx.ssa.NormalSsaInsn.accept(Lcom/android/dx/ssa/SsaInsn$Visitor;)V @ 9
Event: 0.777 Thread 0x0000000017cee000 Uncommon trap: reason=class_check action=maybe_recompile pc=0x000000000297709c method=com.android.dx.ssa.NormalSsaInsn.accept(Lcom/android/dx/ssa/SsaInsn$Visitor;)V @ 9
Event: 0.777 Thread 0x0000000017cee000 Uncommon trap: reason=class_check action=maybe_recompile pc=0x000000000297709c method=com.android.dx.ssa.NormalSsaInsn.accept(Lcom/android/dx/ssa/SsaInsn$Visitor;)V @ 9
Event: 0.777 Thread 0x0000000017cee000 Uncommon trap: reason=class_check action=maybe_recompile pc=0x0000000002939e80 method=com.android.dx.ssa.NormalSsaInsn.accept(Lcom/android/dx/ssa/SsaInsn$Visitor;)V @ 9

Internal exceptions (2 events):
Event: 0.044 Thread 0x0000000002560800 Exception <a 'java/lang/NoSuchMethodError': Method sun.misc.Unsafe.defineClass(Ljava/lang/String;[BII)Ljava/lang/Class; name or signature does not match> (0x00000000eab07cc0) thrown at [C:\src\android\AOSP-openjdk\external\jetbrains\jdk\hotspot\src\share\vWÔp›j¶?
Event: 0.044 Thread 0x0000000002560800 Exception <a 'java/lang/NoSuchMethodError': Method sun.misc.Unsafe.prefetchRead(Ljava/lang/Object;J)V name or signature does not match> (0x00000000eab07fa8) thrown at [C:\src\android\AOSP-openjdk\external\jetbrains\jdk\hotspot\src\share\vm\prims\jni.cpp, l

Events (10 events):
Event: 0.777 Thread 0x0000000017cee000 DEOPT UNPACKING pc=0x00000000026a556a sp=0x000000001858edf0 mode 2
Event: 0.777 Thread 0x0000000017cee000 Uncommon trap: trap_request=0xffffffde fr.pc=0x0000000002939e80
Event: 0.777 Thread 0x0000000017cee000 DEOPT PACKING pc=0x0000000002939e80 sp=0x000000001858edc0
Event: 0.777 Thread 0x0000000017cee000 DEOPT UNPACKING pc=0x00000000026a556a sp=0x000000001858ee10 mode 2
Event: 0.779 loading class java/util/DualPivotQuicksort
Event: 0.779 loading class java/util/DualPivotQuicksort done
Event: 0.800 loading class java/util/TreeMap$EntrySet
Event: 0.800 loading class java/util/TreeMap$EntrySet done
Event: 0.800 loading class java/util/TreeMap$EntryIterator
Event: 0.800 loading class java/util/TreeMap$EntryIterator done


Dynamic libraries:
0x00007ff7b8a70000 - 0x00007ff7b8aa1000 	C:\Program Files\Android\Android Studio\jre\bin\java.exe
0x00007ffc5c530000 - 0x00007ffc5c6dd000 	C:\windows\SYSTEM32\ntdll.dll
0x00007ffc5a7a0000 - 0x00007ffc5a8de000 	C:\windows\system32\KERNEL32.DLL
0x00007ffc59a90000 - 0x00007ffc59ba5000 	C:\windows\system32\KERNELBASE.dll
0x00007ffc5a230000 - 0x00007ffc5a2da000 	C:\windows\system32\ADVAPI32.dll
0x00007ffc5a3e0000 - 0x00007ffc5a557000 	C:\windows\system32\USER32.dll
0x00007ffc57ac0000 - 0x00007ffc57d3a000 	C:\windows\WinSxS\amd64_microsoft.windows.common-controls_6595b64144ccf1df_6.0.9600.17810_none_6240b9c7ecbd0bda\COMCTL32.dll
0x00007ffc59ed0000 - 0x00007ffc59f7a000 	C:\windows\system32\msvcrt.dll
0x00007ffc5a720000 - 0x00007ffc5a779000 	C:\windows\SYSTEM32\sechost.dll
0x00007ffc5a940000 - 0x00007ffc5aa80000 	C:\windows\system32\RPCRT4.dll
0x00007ffc59f80000 - 0x00007ffc5a0cf000 	C:\windows\system32\GDI32.dll
0x00007ffc59950000 - 0x00007ffc5997e000 	C:\windows\system32\SspiCli.dll
0x00007ffc5a2e0000 - 0x00007ffc5a316000 	C:\windows\system32\IMM32.DLL
0x00007ffc5a0d0000 - 0x00007ffc5a222000 	C:\windows\system32\MSCTF.dll
0x00007ffc4cb60000 - 0x00007ffc4cc07000 	C:\Program Files\McAfee\Host Intrusion Prevention\HcApi.dll
0x0000000075650000 - 0x000000007565c000 	C:\Program Files\McAfee\Host Intrusion Prevention\HcThe.dll
0x0000000074b90000 - 0x0000000074c62000 	C:\Program Files\Android\Android Studio\jre\jre\bin\msvcr100.dll
0x0000000072270000 - 0x0000000072aa4000 	C:\Program Files\Android\Android Studio\jre\jre\bin\server\jvm.dll
0x00007ffc50bc0000 - 0x00007ffc50bc9000 	C:\windows\SYSTEM32\WSOCK32.dll
0x00007ffc541d0000 - 0x00007ffc541f2000 	C:\windows\SYSTEM32\WINMM.dll
0x00007ffc533d0000 - 0x00007ffc533da000 	C:\windows\SYSTEM32\VERSION.dll
0x00007ffc5a790000 - 0x00007ffc5a797000 	C:\windows\system32\PSAPI.DLL
0x00007ffc5af30000 - 0x00007ffc5af8a000 	C:\windows\system32\WS2_32.dll
0x00007ffc53c60000 - 0x00007ffc53c8a000 	C:\windows\SYSTEM32\WINMMBASE.dll
0x00007ffc5a780000 - 0x00007ffc5a789000 	C:\windows\system32\NSI.dll
0x00007ffc59720000 - 0x00007ffc5976f000 	C:\windows\SYSTEM32\cfgmgr32.dll
0x00007ffc58470000 - 0x00007ffc58498000 	C:\windows\SYSTEM32\DEVOBJ.dll
0x00007ffc56280000 - 0x00007ffc5628f000 	C:\Program Files\Android\Android Studio\jre\jre\bin\verify.dll
0x00007ffc54200000 - 0x00007ffc54229000 	C:\Program Files\Android\Android Studio\jre\jre\bin\java.dll
0x00007ffc53d90000 - 0x00007ffc53da6000 	C:\Program Files\Android\Android Studio\jre\jre\bin\zip.dll
0x0000000016160000 - 0x0000000017688000 	C:\windows\system32\SHELL32.dll
0x00007ffc5aa80000 - 0x00007ffc5ac91000 	C:\windows\SYSTEM32\combase.dll
0x00007ffc59bb0000 - 0x00007ffc59c04000 	C:\windows\system32\SHLWAPI.dll
0x00007ffc57f40000 - 0x00007ffc57ff2000 	C:\windows\SYSTEM32\SHCORE.dll
0x00007ffc59650000 - 0x00007ffc59665000 	C:\windows\SYSTEM32\profapi.dll

VM Arguments:
jvm_args: -Djava.awt.headless=true -Xmx1024M -Dfile.encoding=windows-1252 -Duser.country=US -Duser.language=en -Duser.variant 
java_command: com.android.dx.command.Main --dex --force-jumbo --num-threads=4 --multi-dex --output D:\Projects_\MyProjs\Res\app\build\intermediates\transforms\dex\debug\folders\1000\10\instant-run_47b94cdf72d4816b160ce26a5299ec75fb00b6f1 D:\Projects_\MyProjs\Res\app\build\intermediates\incremental-runtime-classes\debug\instant-run.jar
java_class_path (initial): C:\Run\AndroidFullUpdate\android-sdk-windows\build-tools\25.0.2\lib\dx.jar
Launcher Type: SUN_STANDARD

Environment Variables:
JAVA_HOME=C:\Program Files\Java\jdk1.8.0_92
PATH=C:\ProgramData\Oracle\Java\javapath;C:\Program Files (x86)\RSA SecurID Token Common;C:\windows\system32;C:\windows;C:\windows\System32\Wbem;C:\windows\System32\WindowsPowerShell\v1.0\;%JAVA_HOME%\bin;C:\Run\AndroidFullUpdate\android-sdk-windows\platform-tools;C:\Program Files (x86)\Git\cmd;C:\Program Files (x86)\Brackets\command;C:\Program Files (x86)\Skype\Phone\;C:\Program Files (x86)\QuickTime\QTSystem\;C:\Program Files\nodejs\;C:\Program Files\Java\jdk1.8.0_92\bin;C:\Run\android-ndk-r11c-windows-x86_64\android-ndk-r11c;C:\xampp\php;C:\ProgramData\ComposerSetup\bin;C:\Program Files (x86)\Common Files\lenovo\easyplussdk\bin;C:\Program Files\TortoiseSVN\bin;C:\Run\AndroidFullUpdate\android-sdk-windows\platform-tools;C:\Run\AndroidFullUpdate\android-sdk-windows\tools;C:\Users\sheikb\AppData\Roaming\npm;C:\Users\sheikb\AppData\Roaming\Composer\vendor\bin; C:\Program Files\Java\jdk1.8.0_92\bin
USERNAME=sheikb
OS=Windows_NT
PROCESSOR_IDENTIFIER=Intel64 Family 6 Model 69 Stepping 1, GenuineIntel



---------------  S Y S T E M  ---------------

OS: Windows 8.1 , 64 bit Build 9600 (6.3.9600.17415)

CPU:total 4 (2 cores per cpu, 2 threads per core) family 6 model 69 stepping 1, cmov, cx8, fxsr, mmx, sse, sse2, sse3, ssse3, sse4.1, sse4.2, popcnt, avx, avx2, aes, clmul, erms, lzcnt, ht, tsc, tscinvbit, bmi1, bmi2

Memory: 4k page, physical 8283180k(1077288k free), swap 11428908k(5872k free)

vm_info: OpenJDK 64-Bit Server VM (25.76-b03) for windows-amd64 JRE (1.8.0_76-release-b03), built on Jun 29 2016 19:09:20 by "ralucas" with MS VC++ 10.0 (VS2010)

time: Thu Feb 16 20:16:04 2017
elapsed time: 0 seconds (0d 0h 0m 0s)

