#
# There is insufficient memory for the Java Runtime Environment to continue.
# Native memory allocation (malloc) failed to allocate 32744 bytes for ChunkPool::allocate
# Possible reasons:
#   The system is out of physical RAM or swap space
#   In 32 bit mode, the process size limit was hit
# Possible solutions:
#   Reduce memory load on the system
#   Increase physical memory or swap space
#   Check if swap backing store is full
#   Use 64 bit Java on a 64 bit OS
#   Decrease Java heap size (-Xmx/-Xms)
#   Decrease number of Java threads
#   Decrease Java thread stack sizes (-Xss)
#   Set larger code cache with -XX:ReservedCodeCacheSize=
# This output file may be truncated or incomplete.
#
#  Out of Memory Error (allocation.cpp:273), pid=15316, tid=0x0000000000004034
#
# JRE version: OpenJDK Runtime Environment (8.0_76-b03) (build 1.8.0_76-release-b03)
# Java VM: OpenJDK 64-Bit Server VM (25.76-b03 mixed mode windows-amd64 compressed oops)
# Failed to write core dump. Minidumps are not enabled by default on client versions of Windows
#

---------------  T H R E A D  ---------------

Current thread (0x0000000015486800):  JavaThread "C2 CompilerThread0" daemon [_thread_in_native, id=16436, stack(0x0000000016ac0000,0x0000000016bc0000)]

Stack: [0x0000000016ac0000,0x0000000016bc0000]
[error occurred during error reporting (printing stack bounds), id 0xc0000005]

Native frames: (J=compiled Java code, j=interpreted, Vv=VM code, C=native code)


Current CompileTask:
C2:   3484 1543   !   4       com.android.dx.cf.code.BytecodeArray::parseInstruction (2764 bytes)


---------------  P R O C E S S  ---------------

Java Threads: ( => current thread )
  0x0000000017021000 JavaThread "pool-2-thread-4" [_thread_in_Java, id=12224, stack(0x00000000177c0000,0x00000000178c0000)]
  0x000000001701d000 JavaThread "pool-2-thread-3" [_thread_in_Java, id=4224, stack(0x00000000176c0000,0x00000000177c0000)]
  0x0000000017016800 JavaThread "pool-2-thread-2" [_thread_in_Java, id=4920, stack(0x00000000175c0000,0x00000000176c0000)]
  0x0000000017015800 JavaThread "pool-3-thread-1" [_thread_blocked, id=6680, stack(0x00000000174c0000,0x00000000175c0000)]
  0x0000000017008000 JavaThread "pool-2-thread-1" [_thread_in_Java, id=15824, stack(0x00000000173c0000,0x00000000174c0000)]
  0x00000000154de800 JavaThread "Service Thread" daemon [_thread_blocked, id=14812, stack(0x00000000171c0000,0x00000000172c0000)]
  0x00000000154dd000 JavaThread "C1 CompilerThread2" daemon [_thread_blocked, id=17080, stack(0x0000000016cc0000,0x0000000016dc0000)]
  0x0000000015482000 JavaThread "C2 CompilerThread1" daemon [_thread_in_native, id=15168, stack(0x0000000016bc0000,0x0000000016cc0000)]
=>0x0000000015486800 JavaThread "C2 CompilerThread0" daemon [_thread_in_native, id=16436, stack(0x0000000016ac0000,0x0000000016bc0000)]
  0x0000000015485800 JavaThread "Attach Listener" daemon [_thread_blocked, id=18364, stack(0x00000000169c0000,0x0000000016ac0000)]
  0x0000000015484000 JavaThread "Signal Dispatcher" daemon [_thread_blocked, id=17104, stack(0x00000000168c0000,0x00000000169c0000)]
  0x0000000015468800 JavaThread "Finalizer" daemon [_thread_blocked, id=3712, stack(0x00000000166e0000,0x00000000167e0000)]
  0x0000000002da1000 JavaThread "Reference Handler" daemon [_thread_blocked, id=17644, stack(0x00000000165e0000,0x00000000166e0000)]
  0x0000000002c8d800 JavaThread "main" [_thread_blocked, id=16936, stack(0x0000000002ad0000,0x0000000002bd0000)]

Other Threads:
  0x0000000015446000 VMThread [stack: 0x00000000164e0000,0x00000000165e0000] [id=14068]
  0x0000000016dc5000 WatcherThread [stack: 0x00000000172c0000,0x00000000173c0000] [id=17316]

VM state:not at safepoint (normal execution)

VM Mutex/Monitor currently owned by a thread: None

Heap:
 PSYoungGen      total 71680K, used 28069K [0x00000000eab00000, 0x00000000ef600000, 0x0000000100000000)
  eden space 66560K, 34% used [0x00000000eab00000,0x00000000ec16abb0,0x00000000eec00000)
  from space 5120K, 99% used [0x00000000ef100000,0x00000000ef5feaa8,0x00000000ef600000)
  to   space 5120K, 0% used [0x00000000eec00000,0x00000000eec00000,0x00000000ef100000)
 ParOldGen       total 87552K, used 5117K [0x00000000c0000000, 0x00000000c5580000, 0x00000000eab00000)
  object space 87552K, 5% used [0x00000000c0000000,0x00000000c04ff798,0x00000000c5580000)
 Metaspace       used 6201K, capacity 7088K, committed 7296K, reserved 1056768K
  class space    used 573K, capacity 616K, committed 640K, reserved 1048576K

Card table byte_map: [0x0000000012170000,0x0000000012380000] byte_map_base: 0x0000000011b70000

Marking Bits: (ParMarkBitMap*) 0x000000006cff9d00
 Begin Bits: [0x00000000128e0000, 0x00000000138e0000)
 End Bits:   [0x00000000138e0000, 0x00000000148e0000)

Polling page: 0x0000000001360000

CodeCache: size=245760Kb used=6799Kb max_used=6799Kb free=238961Kb
 bounds [0x0000000002db0000, 0x0000000003460000, 0x0000000011db0000]
 total_blobs=1917 nmethods=1649 adapters=181
 compilation: enabled

Compilation events (10 events):
Event: 3.378 Thread 0x00000000154dd000 1662       2       java.util.ArrayDeque::addLast (53 bytes)
Event: 3.378 Thread 0x00000000154dd000 nmethod 1662 0x0000000003457990 code [0x0000000003457b20, 0x0000000003457dd8]
Event: 3.392 Thread 0x00000000154dd000 1663       1       com.android.dx.cf.code.BaseMachine::auxIntArg (6 bytes)
Event: 3.392 Thread 0x00000000154dd000 nmethod 1663 0x0000000003457f90 code [0x00000000034580e0, 0x00000000034581f0]
Event: 3.395 Thread 0x00000000154dd000 1665       1       com.android.dx.cf.attrib.AttSignature::byteLength (3 bytes)
Event: 3.395 Thread 0x00000000154dd000 nmethod 1665 0x0000000003458250 code [0x00000000034583a0, 0x00000000034584b0]
Event: 3.403 Thread 0x00000000154dd000 1666       2       com.android.dx.rop.code.CstInsn::contentEquals (31 bytes)
Event: 3.403 Thread 0x00000000154dd000 nmethod 1666 0x0000000003458510 code [0x0000000003458680, 0x0000000003458898]
Event: 3.403 Thread 0x00000000154dd000 1667       2       com.android.dx.dex.code.BlockAddresses::getStart (7 bytes)
Event: 3.403 Thread 0x00000000154dd000 nmethod 1667 0x0000000003458990 code [0x0000000003458ae0, 0x0000000003458c50]

GC Heap History (4 events):
Event: 2.128 GC heap before
{Heap before GC invocations=1 (full 0):
 PSYoungGen      total 38400K, used 33280K [0x00000000eab00000, 0x00000000ed580000, 0x0000000100000000)
  eden space 33280K, 100% used [0x00000000eab00000,0x00000000ecb80000,0x00000000ecb80000)
  from space 5120K, 0% used [0x00000000ed080000,0x00000000ed080000,0x00000000ed580000)
  to   space 5120K, 0% used [0x00000000ecb80000,0x00000000ecb80000,0x00000000ed080000)
 ParOldGen       total 87552K, used 0K [0x00000000c0000000, 0x00000000c5580000, 0x00000000eab00000)
  object space 87552K, 0% used [0x00000000c0000000,0x00000000c0000000,0x00000000c5580000)
 Metaspace       used 5937K, capacity 6896K, committed 7040K, reserved 1056768K
  class space    used 569K, capacity 616K, committed 640K, reserved 1048576K
Event: 2.258 GC heap after
Heap after GC invocations=1 (full 0):
 PSYoungGen      total 38400K, used 5104K [0x00000000eab00000, 0x00000000ef600000, 0x0000000100000000)
  eden space 33280K, 0% used [0x00000000eab00000,0x00000000eab00000,0x00000000ecb80000)
  from space 5120K, 99% used [0x00000000ecb80000,0x00000000ed07c348,0x00000000ed080000)
  to   space 5120K, 0% used [0x00000000ef100000,0x00000000ef100000,0x00000000ef600000)
 ParOldGen       total 87552K, used 838K [0x00000000c0000000, 0x00000000c5580000, 0x00000000eab00000)
  object space 87552K, 0% used [0x00000000c0000000,0x00000000c00d1b78,0x00000000c5580000)
 Metaspace       used 5937K, capacity 6896K, committed 7040K, reserved 1056768K
  class space    used 569K, capacity 616K, committed 640K, reserved 1048576K
}
Event: 3.080 GC heap before
{Heap before GC invocations=2 (full 0):
 PSYoungGen      total 38400K, used 38384K [0x00000000eab00000, 0x00000000ef600000, 0x0000000100000000)
  eden space 33280K, 100% used [0x00000000eab00000,0x00000000ecb80000,0x00000000ecb80000)
  from space 5120K, 99% used [0x00000000ecb80000,0x00000000ed07c348,0x00000000ed080000)
  to   space 5120K, 0% used [0x00000000ef100000,0x00000000ef100000,0x00000000ef600000)
 ParOldGen       total 87552K, used 838K [0x00000000c0000000, 0x00000000c5580000, 0x00000000eab00000)
  object space 87552K, 0% used [0x00000000c0000000,0x00000000c00d1b78,0x00000000c5580000)
 Metaspace       used 6173K, capacity 7088K, committed 7296K, reserved 1056768K
  class space    used 572K, capacity 616K, committed 640K, reserved 1048576K
Event: 3.120 GC heap after
Heap after GC invocations=2 (full 0):
 PSYoungGen      total 71680K, used 5114K [0x00000000eab00000, 0x00000000ef600000, 0x0000000100000000)
  eden space 66560K, 0% used [0x00000000eab00000,0x00000000eab00000,0x00000000eec00000)
  from space 5120K, 99% used [0x00000000ef100000,0x00000000ef5feaa8,0x00000000ef600000)
  to   space 5120K, 0% used [0x00000000eec00000,0x00000000eec00000,0x00000000ef100000)
 ParOldGen       total 87552K, used 5117K [0x00000000c0000000, 0x00000000c5580000, 0x00000000eab00000)
  object space 87552K, 5% used [0x00000000c0000000,0x00000000c04ff798,0x00000000c5580000)
 Metaspace       used 6173K, capacity 7088K, committed 7296K, reserved 1056768K
  class space    used 572K, capacity 616K, committed 640K, reserved 1048576K
}

Deoptimization events (10 events):
Event: 2.860 Thread 0x000000001701d000 Uncommon trap: reason=null_check action=make_not_entrant pc=0x00000000031176a8 method=com.android.dx.rop.type.Type.equals(Ljava/lang/Object;)Z @ 8
Event: 2.861 Thread 0x000000001701d000 Uncommon trap: reason=bimorphic action=maybe_recompile pc=0x00000000033a32f4 method=com.android.dx.ssa.LiteralOpUpgrader.tryReplacingWithConstant(Lcom/android/dx/ssa/NormalSsaInsn;)Z @ 52
Event: 2.865 Thread 0x000000001701d000 Uncommon trap: reason=bimorphic action=maybe_recompile pc=0x00000000033a32f4 method=com.android.dx.ssa.LiteralOpUpgrader.tryReplacingWithConstant(Lcom/android/dx/ssa/NormalSsaInsn;)Z @ 52
Event: 2.914 Thread 0x0000000017016800 Uncommon trap: reason=bimorphic action=maybe_recompile pc=0x00000000033a32f4 method=com.android.dx.ssa.LiteralOpUpgrader.tryReplacingWithConstant(Lcom/android/dx/ssa/NormalSsaInsn;)Z @ 52
Event: 2.917 Thread 0x0000000017016800 Uncommon trap: reason=bimorphic action=maybe_recompile pc=0x00000000033a32f4 method=com.android.dx.ssa.LiteralOpUpgrader.tryReplacingWithConstant(Lcom/android/dx/ssa/NormalSsaInsn;)Z @ 52
Event: 2.980 Thread 0x0000000017021000 Uncommon trap: reason=unstable_if action=reinterpret pc=0x00000000033b34e0 method=com.android.dx.ssa.InterferenceRegisterMapper.interferes(III)Z @ 35
Event: 2.988 Thread 0x0000000017021000 Uncommon trap: reason=unstable_if action=reinterpret pc=0x0000000003327670 method=com.android.dx.ssa.SCCP.simulateStmt(Lcom/android/dx/ssa/SsaInsn;)V @ 469
Event: 3.298 Thread 0x0000000017021000 Uncommon trap: reason=bimorphic action=maybe_recompile pc=0x00000000030cd368 method=java.util.HashMap.getNode(ILjava/lang/Object;)Ljava/util/HashMap$Node; @ 126
Event: 3.298 Thread 0x0000000017021000 Uncommon trap: reason=class_check action=maybe_recompile pc=0x00000000031b40c4 method=java.util.HashMap.putVal(ILjava/lang/Object;Ljava/lang/Object;ZZ)Ljava/lang/Object; @ 203
Event: 3.385 Thread 0x0000000017008000 Uncommon trap: reason=bimorphic action=maybe_recompile pc=0x00000000030dbe00 method=java.util.HashMap.getNode(ILjava/lang/Object;)Ljava/util/HashMap$Node; @ 126

Internal exceptions (3 events):
Event: 0.127 Thread 0x0000000002c8d800 Exception <a 'java/lang/NoSuchMethodError': Method sun.misc.Unsafe.defineClass(Ljava/lang/String;[BII)Ljava/lang/Class; name or signature does not match> (0x00000000eab07cc0) thrown at [C:\src\android\AOSP-openjdk\external\jetbrains\jdk\hotspot\src\share\vey„iFÀ?
Event: 0.127 Thread 0x0000000002c8d800 Exception <a 'java/lang/NoSuchMethodError': Method sun.misc.Unsafe.prefetchRead(Ljava/lang/Object;J)V name or signature does not match> (0x00000000eab07fa8) thrown at [C:\src\android\AOSP-openjdk\external\jetbrains\jdk\hotspot\src\share\vm\prims\jni.cpp, l=€ï01á@
Event: 2.860 Thread 0x000000001701d000 Implicit null exception at 0x00000000031175a2 to 0x000000000311769a

Events (10 events):
Event: 3.298 Thread 0x0000000017021000 Uncommon trap: trap_request=0xffffffde fr.pc=0x00000000031b40c4
Event: 3.298 Thread 0x0000000017021000 DEOPT PACKING pc=0x00000000031b40c4 sp=0x00000000178be240
Event: 3.298 Thread 0x0000000017021000 DEOPT UNPACKING pc=0x0000000002df556a sp=0x00000000178be1b8 mode 2
Event: 3.385 Thread 0x0000000017008000 Uncommon trap: trap_request=0xffffffc6 fr.pc=0x00000000030dbe00
Event: 3.385 Thread 0x0000000017008000 DEOPT PACKING pc=0x00000000030dbe00 sp=0x00000000174beb30
Event: 3.385 Thread 0x0000000017008000 DEOPT UNPACKING pc=0x0000000002df556a sp=0x00000000174bea48 mode 2
Event: 3.396 loading class java/util/HashMap$KeySet
Event: 3.397 loading class java/util/HashMap$KeySet done
Event: 3.397 loading class java/util/HashMap$KeyIterator
Event: 3.397 loading class java/util/HashMap$KeyIterator done


Dynamic libraries:
0x00007ff6f9030000 - 0x00007ff6f9061000 	C:\Program Files\Android\Android Studio\jre\bin\java.exe
0x00007fff6a880000 - 0x00007fff6aa2d000 	C:\windows\SYSTEM32\ntdll.dll
0x00007fff68120000 - 0x00007fff6825e000 	C:\windows\system32\KERNEL32.DLL
0x00007fff67bb0000 - 0x00007fff67cc5000 	C:\windows\system32\KERNELBASE.dll
0x00007fff68830000 - 0x00007fff688da000 	C:\windows\system32\ADVAPI32.dll
0x00007fff68a10000 - 0x00007fff68b87000 	C:\windows\system32\USER32.dll
0x00007fff65bb0000 - 0x00007fff65e2a000 	C:\windows\WinSxS\amd64_microsoft.windows.common-controls_6595b64144ccf1df_6.0.9600.17810_none_6240b9c7ecbd0bda\COMCTL32.dll
0x00007fff683b0000 - 0x00007fff6845a000 	C:\windows\system32\msvcrt.dll
0x00007fff68e70000 - 0x00007fff68ec9000 	C:\windows\SYSTEM32\sechost.dll
0x00007fff68270000 - 0x00007fff683b0000 	C:\windows\system32\RPCRT4.dll
0x00007fff6a420000 - 0x00007fff6a56f000 	C:\windows\system32\GDI32.dll
0x00007fff67b80000 - 0x00007fff67bae000 	C:\windows\system32\SspiCli.dll
0x00007fff67f00000 - 0x00007fff67f36000 	C:\windows\system32\IMM32.DLL
0x00007fff6a5d0000 - 0x00007fff6a722000 	C:\windows\system32\MSCTF.dll
0x00007fff58da0000 - 0x00007fff58e47000 	C:\Program Files\McAfee\Host Intrusion Prevention\HcApi.dll
0x000000006f370000 - 0x000000006f37c000 	C:\Program Files\McAfee\Host Intrusion Prevention\HcThe.dll
0x000000006c760000 - 0x000000006c832000 	C:\Program Files\Android\Android Studio\jre\jre\bin\msvcr100.dll
0x000000006c840000 - 0x000000006d074000 	C:\Program Files\Android\Android Studio\jre\jre\bin\server\jvm.dll
0x00007fff5f3c0000 - 0x00007fff5f3c9000 	C:\windows\SYSTEM32\WSOCK32.dll
0x00007fff61ed0000 - 0x00007fff61ef2000 	C:\windows\SYSTEM32\WINMM.dll
0x00007fff61440000 - 0x00007fff6144a000 	C:\windows\SYSTEM32\VERSION.dll
0x00007fff684c0000 - 0x00007fff684c7000 	C:\windows\system32\PSAPI.DLL
0x00007fff68460000 - 0x00007fff684ba000 	C:\windows\system32\WS2_32.dll
0x00007fff61ea0000 - 0x00007fff61eca000 	C:\windows\SYSTEM32\WINMMBASE.dll
0x00007fff6a7a0000 - 0x00007fff6a7a9000 	C:\windows\system32\NSI.dll
0x00007fff67cd0000 - 0x00007fff67d1f000 	C:\windows\SYSTEM32\cfgmgr32.dll
0x00007fff667c0000 - 0x00007fff667e8000 	C:\windows\SYSTEM32\DEVOBJ.dll
0x00007fff62590000 - 0x00007fff6259f000 	C:\Program Files\Android\Android Studio\jre\jre\bin\verify.dll
0x00007fff5bcb0000 - 0x00007fff5bcd9000 	C:\Program Files\Android\Android Studio\jre\jre\bin\java.dll
0x00007fff5d310000 - 0x00007fff5d326000 	C:\Program Files\Android\Android Studio\jre\jre\bin\zip.dll
0x00007fff68ef0000 - 0x00007fff6a418000 	C:\windows\system32\SHELL32.dll
0x00007fff68c50000 - 0x00007fff68e61000 	C:\windows\SYSTEM32\combase.dll
0x00007fff6a570000 - 0x00007fff6a5c4000 	C:\windows\system32\SHLWAPI.dll
0x00007fff66070000 - 0x00007fff66122000 	C:\windows\SYSTEM32\SHCORE.dll
0x00007fff679a0000 - 0x00007fff679b5000 	C:\windows\SYSTEM32\profapi.dll

VM Arguments:
jvm_args: -Djava.awt.headless=true -Xmx1024M -Dfile.encoding=windows-1252 -Duser.country=US -Duser.language=en -Duser.variant 
java_command: com.android.dx.command.Main --dex --force-jumbo --num-threads=4 --multi-dex --output D:\Projects_\MyProjs\Res\app\build\intermediates\transforms\dex\debug\folders\1000\10\com.google.android.gms-play-services-wallet-10.0.1_441b0ab911c59ee206ed5a0c8cc00cde4081a050 D:\Projects_\MyProjs\Res\app\build\intermediates\exploded-aar\com.google.android.gms\play-services-wallet\10.0.1\jars\classes.jar
java_class_path (initial): C:\Run\AndroidFullUpdate\android-sdk-windows\build-tools\23.0.3\lib\dx.jar
Launcher Type: SUN_STANDARD

Environment Variables:
JAVA_HOME=C:\Program Files\Java\jdk1.7.0_75
PATH=C:\ProgramData\Oracle\Java\javapath;C:\Program Files (x86)\RSA SecurID Token Common;C:\windows\system32;C:\windows;C:\windows\System32\Wbem;C:\windows\System32\WindowsPowerShell\v1.0\;%JAVA_HOME%\bin;C:\Run\AndroidFullUpdate\android-sdk-windows\platform-tools;C:\Program Files\Java\jdk1.7.0_75\bin;C:\Program Files\TortoiseSVN\bin;C:\Program Files (x86)\Git\cmd;C:\Program Files (x86)\Brackets\command;C:\Program Files (x86)\Skype\Phone\;C:\Program Files (x86)\QuickTime\QTSystem\;C:\Program Files\nodejs\;C:\Program Files\Java\jdk1.8.0_92\bin;C:\Run\android-ndk-r11c-windows-x86_64\android-ndk-r11c;C:\xampp\php;C:\ProgramData\ComposerSetup\bin;C:\Program Files (x86)\Common Files\lenovo\easyplussdk\bin;C:\Program Files\TortoiseSVN\bin;C:\Program Files\Kony\ImageMagick;C:\Program Files\Kony\Ant\bin;C:\Program Files\Java\jdk1.7.0_75\bin;C:\Run\AndroidFullUpdate\android-sdk-windows\platform-tools;C:\Run\AndroidFullUpdate\android-sdk-windows\tools;C:\Users\sheikb\AppData\Roaming\npm;C:\Users\sheikb\AppData\Roaming\Composer\vendor\bin
USERNAME=sheikb
OS=Windows_NT
PROCESSOR_IDENTIFIER=Intel64 Family 6 Model 69 Stepping 1, GenuineIntel



---------------  S Y S T E M  ---------------

OS: Windows 8.1 , 64 bit Build 9600 (6.3.9600.17415)

CPU:total 4 (2 cores per cpu, 2 threads per core) family 6 model 69 stepping 1, cmov, cx8, fxsr, mmx, sse, sse2, sse3, ssse3, sse4.1, sse4.2, popcnt, avx, avx2, aes, clmul, erms, lzcnt, ht, tsc, tscinvbit, bmi1, bmi2

Memory: 4k page, physical 8283180k(863792k free), swap 11428908k(5052k free)

vm_info: OpenJDK 64-Bit Server VM (25.76-b03) for windows-amd64 JRE (1.8.0_76-release-b03), built on Jun 29 2016 19:09:20 by "ralucas" with MS VC++ 10.0 (VS2010)

time: Thu Jan 12 00:39:17 2017
elapsed time: 3 seconds (0d 0h 0m 3s)

