#
# There is insufficient memory for the Java Runtime Environment to continue.
# Native memory allocation (malloc) failed to allocate 77936 bytes for Chunk::new
# Possible reasons:
#   The system is out of physical RAM or swap space
#   In 32 bit mode, the process size limit was hit
# Possible solutions:
#   Reduce memory load on the system
#   Increase physical memory or swap space
#   Check if swap backing store is full
#   Use 64 bit Java on a 64 bit OS
#   Decrease Java heap size (-Xmx/-Xms)
#   Decrease number of Java threads
#   Decrease Java thread stack sizes (-Xss)
#   Set larger code cache with -XX:ReservedCodeCacheSize=
# This output file may be truncated or incomplete.
#
#  Out of Memory Error (allocation.cpp:390), pid=17936, tid=0x0000000000002274
#
# JRE version: OpenJDK Runtime Environment (8.0_76-b03) (build 1.8.0_76-release-b03)
# Java VM: OpenJDK 64-Bit Server VM (25.76-b03 mixed mode windows-amd64 compressed oops)
# Failed to write core dump. Minidumps are not enabled by default on client versions of Windows
#

---------------  T H R E A D  ---------------

Current thread (0x0000000014cd5800):  JavaThread "C2 CompilerThread1" daemon [_thread_in_native, id=8820, stack(0x00000000163b0000,0x00000000164b0000)]

Stack: [0x00000000163b0000,0x00000000164b0000]
[error occurred during error reporting (printing stack bounds), id 0xc0000005]

Native frames: (J=compiled Java code, j=interpreted, Vv=VM code, C=native code)


Current CompileTask:
C2:   6400 1841       4       java.util.HashMap::putVal (300 bytes)


---------------  P R O C E S S  ---------------

Java Threads: ( => current thread )
  0x000000001684d800 JavaThread "pool-1-thread-1" [_thread_in_Java, id=5076, stack(0x0000000016bb0000,0x0000000016cb0000)]
  0x00000000165b5000 JavaThread "Service Thread" daemon [_thread_blocked, id=15288, stack(0x00000000169b0000,0x0000000016ab0000)]
  0x0000000014cde000 JavaThread "C1 CompilerThread2" daemon [_thread_in_vm, id=16280, stack(0x00000000164b0000,0x00000000165b0000)]
=>0x0000000014cd5800 JavaThread "C2 CompilerThread1" daemon [_thread_in_native, id=8820, stack(0x00000000163b0000,0x00000000164b0000)]
  0x0000000014c88800 JavaThread "C2 CompilerThread0" daemon [_thread_blocked, id=18372, stack(0x00000000162b0000,0x00000000163b0000)]
  0x0000000014c87000 JavaThread "Attach Listener" daemon [_thread_blocked, id=13644, stack(0x00000000161b0000,0x00000000162b0000)]
  0x0000000014c84000 JavaThread "Signal Dispatcher" daemon [_thread_blocked, id=10044, stack(0x00000000160b0000,0x00000000161b0000)]
  0x0000000014c68800 JavaThread "Finalizer" daemon [_thread_blocked, id=16212, stack(0x0000000015ed0000,0x0000000015fd0000)]
  0x0000000002501000 JavaThread "Reference Handler" daemon [_thread_blocked, id=11216, stack(0x0000000015dd0000,0x0000000015ed0000)]
  0x000000000270d800 JavaThread "main" [_thread_blocked, id=17788, stack(0x00000000022f0000,0x00000000023f0000)]

Other Threads:
  0x0000000014c46000 VMThread [stack: 0x0000000015cd0000,0x0000000015dd0000] [id=6440]
  0x00000000165b6000 WatcherThread [stack: 0x0000000016ab0000,0x0000000016bb0000] [id=14344]

VM state:not at safepoint (normal execution)

VM Mutex/Monitor currently owned by a thread:  ([mutex/lock_event])
[0x000000000270c9b0] CompiledIC_lock - owner thread: 0x0000000000000000

Heap:
 PSYoungGen      total 71680K, used 61935K [0x00000000eab00000, 0x00000000f3700000, 0x0000000100000000)
  eden space 66560K, 85% used [0x00000000eab00000,0x00000000ee283c60,0x00000000eec00000)
  from space 5120K, 99% used [0x00000000eec00000,0x00000000ef0f8010,0x00000000ef100000)
  to   space 5120K, 0% used [0x00000000f3200000,0x00000000f3200000,0x00000000f3700000)
 ParOldGen       total 87552K, used 14971K [0x00000000c0000000, 0x00000000c5580000, 0x00000000eab00000)
  object space 87552K, 17% used [0x00000000c0000000,0x00000000c0e9eeb0,0x00000000c5580000)
 Metaspace       used 6367K, capacity 7152K, committed 7296K, reserved 1056768K
  class space    used 581K, capacity 616K, committed 640K, reserved 1048576K

Card table byte_map: [0x0000000011ad0000,0x0000000011ce0000] byte_map_base: 0x00000000114d0000

Marking Bits: (ParMarkBitMap*) 0x000000006cff9d00
 Begin Bits: [0x00000000120e0000, 0x00000000130e0000)
 End Bits:   [0x00000000130e0000, 0x00000000140e0000)

Polling page: 0x0000000000b60000

CodeCache: size=245760Kb used=7634Kb max_used=7647Kb free=238125Kb
 bounds [0x0000000002710000, 0x0000000002e90000, 0x0000000011710000]
 total_blobs=2081 nmethods=1812 adapters=181
 compilation: disabled (not enough contiguous free space left)

Compilation events (10 events):
Event: 6.391 Thread 0x0000000014cde000 nmethod 1846 0x0000000002e589d0 code [0x0000000002e58b40, 0x0000000002e58db0]
Event: 6.392 Thread 0x0000000014cde000 1845       3       com.android.dx.dex.file.AnnotationsDirectoryItem::isEmpty (34 bytes)
Event: 6.392 Thread 0x0000000014cde000 nmethod 1845 0x0000000002e58550 code [0x0000000002e586c0, 0x0000000002e58930]
Event: 6.392 Thread 0x0000000014cde000 1849       3       com.android.dx.dex.file.ClassDataItem::getStaticValuesConstant (30 bytes)
Event: 6.392 Thread 0x0000000014cde000 nmethod 1849 0x0000000002e5a9d0 code [0x0000000002e5ab40, 0x0000000002e5ad88]
Event: 6.392 Thread 0x0000000014cde000 1852       3       com.android.dx.dex.file.EncodedMethod::compareTo (9 bytes)
Event: 6.392 Thread 0x0000000014cde000 nmethod 1852 0x0000000002e5a310 code [0x0000000002e5a480, 0x0000000002e5a868]
Event: 6.392 Thread 0x0000000014cde000 1853       3       com.android.dx.dex.file.EncodedMethod::compareTo (12 bytes)
Event: 6.393 Thread 0x0000000014cde000 nmethod 1853 0x0000000002e84fd0 code [0x0000000002e851a0, 0x0000000002e85b48]
Event: 6.393 Thread 0x0000000014cde000 1854       3       com.android.dx.dex.file.EncodedMethod::addContents (35 bytes)

GC Heap History (6 events):
Event: 3.095 GC heap before
{Heap before GC invocations=1 (full 0):
 PSYoungGen      total 38400K, used 33280K [0x00000000eab00000, 0x00000000ed580000, 0x0000000100000000)
  eden space 33280K, 100% used [0x00000000eab00000,0x00000000ecb80000,0x00000000ecb80000)
  from space 5120K, 0% used [0x00000000ed080000,0x00000000ed080000,0x00000000ed580000)
  to   space 5120K, 0% used [0x00000000ecb80000,0x00000000ecb80000,0x00000000ed080000)
 ParOldGen       total 87552K, used 0K [0x00000000c0000000, 0x00000000c5580000, 0x00000000eab00000)
  object space 87552K, 0% used [0x00000000c0000000,0x00000000c0000000,0x00000000c5580000)
 Metaspace       used 5905K, capacity 6896K, committed 7040K, reserved 1056768K
  class space    used 574K, capacity 616K, committed 640K, reserved 1048576K
Event: 3.146 GC heap after
Heap after GC invocations=1 (full 0):
 PSYoungGen      total 38400K, used 5112K [0x00000000eab00000, 0x00000000ef600000, 0x0000000100000000)
  eden space 33280K, 0% used [0x00000000eab00000,0x00000000eab00000,0x00000000ecb80000)
  from space 5120K, 99% used [0x00000000ecb80000,0x00000000ed07e0f8,0x00000000ed080000)
  to   space 5120K, 0% used [0x00000000ef100000,0x00000000ef100000,0x00000000ef600000)
 ParOldGen       total 87552K, used 1030K [0x00000000c0000000, 0x00000000c5580000, 0x00000000eab00000)
  object space 87552K, 1% used [0x00000000c0000000,0x00000000c0101b40,0x00000000c5580000)
 Metaspace       used 5905K, capacity 6896K, committed 7040K, reserved 1056768K
  class space    used 574K, capacity 616K, committed 640K, reserved 1048576K
}
Event: 3.890 GC heap before
{Heap before GC invocations=2 (full 0):
 PSYoungGen      total 38400K, used 38392K [0x00000000eab00000, 0x00000000ef600000, 0x0000000100000000)
  eden space 33280K, 100% used [0x00000000eab00000,0x00000000ecb80000,0x00000000ecb80000)
  from space 5120K, 99% used [0x00000000ecb80000,0x00000000ed07e0f8,0x00000000ed080000)
  to   space 5120K, 0% used [0x00000000ef100000,0x00000000ef100000,0x00000000ef600000)
 ParOldGen       total 87552K, used 1030K [0x00000000c0000000, 0x00000000c5580000, 0x00000000eab00000)
  object space 87552K, 1% used [0x00000000c0000000,0x00000000c0101b40,0x00000000c5580000)
 Metaspace       used 6167K, capacity 7088K, committed 7296K, reserved 1056768K
  class space    used 574K, capacity 616K, committed 640K, reserved 1048576K
Event: 3.943 GC heap after
Heap after GC invocations=2 (full 0):
 PSYoungGen      total 71680K, used 5114K [0x00000000eab00000, 0x00000000ef600000, 0x0000000100000000)
  eden space 66560K, 0% used [0x00000000eab00000,0x00000000eab00000,0x00000000eec00000)
  from space 5120K, 99% used [0x00000000ef100000,0x00000000ef5feac8,0x00000000ef600000)
  to   space 5120K, 0% used [0x00000000eec00000,0x00000000eec00000,0x00000000ef100000)
 ParOldGen       total 87552K, used 5113K [0x00000000c0000000, 0x00000000c5580000, 0x00000000eab00000)
  object space 87552K, 5% used [0x00000000c0000000,0x00000000c04fe460,0x00000000c5580000)
 Metaspace       used 6167K, capacity 7088K, committed 7296K, reserved 1056768K
  class space    used 574K, capacity 616K, committed 640K, reserved 1048576K
}
Event: 4.628 GC heap before
{Heap before GC invocations=3 (full 0):
 PSYoungGen      total 71680K, used 71674K [0x00000000eab00000, 0x00000000ef600000, 0x0000000100000000)
  eden space 66560K, 100% used [0x00000000eab00000,0x00000000eec00000,0x00000000eec00000)
  from space 5120K, 99% used [0x00000000ef100000,0x00000000ef5feac8,0x00000000ef600000)
  to   space 5120K, 0% used [0x00000000eec00000,0x00000000eec00000,0x00000000ef100000)
 ParOldGen       total 87552K, used 5113K [0x00000000c0000000, 0x00000000c5580000, 0x00000000eab00000)
  object space 87552K, 5% used [0x00000000c0000000,0x00000000c04fe460,0x00000000c5580000)
 Metaspace       used 6289K, capacity 7152K, committed 7296K, reserved 1056768K
  class space    used 575K, capacity 616K, committed 640K, reserved 1048576K
Event: 4.727 GC heap after
Heap after GC invocations=3 (full 0):
 PSYoungGen      total 71680K, used 5088K [0x00000000eab00000, 0x00000000f3700000, 0x0000000100000000)
  eden space 66560K, 0% used [0x00000000eab00000,0x00000000eab00000,0x00000000eec00000)
  from space 5120K, 99% used [0x00000000eec00000,0x00000000ef0f8010,0x00000000ef100000)
  to   space 5120K, 0% used [0x00000000f3200000,0x00000000f3200000,0x00000000f3700000)
 ParOldGen       total 87552K, used 14971K [0x00000000c0000000, 0x00000000c5580000, 0x00000000eab00000)
  object space 87552K, 17% used [0x00000000c0000000,0x00000000c0e9eeb0,0x00000000c5580000)
 Metaspace       used 6289K, capacity 7152K, committed 7296K, reserved 1056768K
  class space    used 575K, capacity 616K, committed 640K, reserved 1048576K
}

Deoptimization events (10 events):
Event: 4.998 Thread 0x000000001684c000 Uncommon trap: reason=bimorphic action=maybe_recompile pc=0x0000000002e06018 method=com.android.dx.cf.code.BytecodeArray.parseInstruction(ILcom/android/dx/cf/code/BytecodeArray$Visitor;)I @ 2281
Event: 6.047 Thread 0x0000000016856000 Uncommon trap: reason=class_check action=maybe_recompile pc=0x0000000002c0510c method=com.android.dx.ssa.SCCP.simulateBranch(Lcom/android/dx/ssa/SsaInsn;)V @ 145
Event: 6.380 Thread 0x000000001684d800 Uncommon trap: reason=class_check action=maybe_recompile pc=0x0000000002b9f108 method=java.util.Arrays.hashCode([Ljava/lang/Object;)I @ 43
Event: 6.380 Thread 0x000000001684d800 Uncommon trap: reason=class_check action=maybe_recompile pc=0x0000000002b9f108 method=java.util.Arrays.hashCode([Ljava/lang/Object;)I @ 43
Event: 6.380 Thread 0x000000001684d800 Uncommon trap: reason=class_check action=maybe_recompile pc=0x0000000002b9f108 method=java.util.Arrays.hashCode([Ljava/lang/Object;)I @ 43
Event: 6.380 Thread 0x000000001684d800 Uncommon trap: reason=class_check action=maybe_recompile pc=0x0000000002b9f108 method=java.util.Arrays.hashCode([Ljava/lang/Object;)I @ 43
Event: 6.380 Thread 0x000000001684d800 Uncommon trap: reason=class_check action=maybe_recompile pc=0x0000000002b99134 method=java.util.Arrays.hashCode([Ljava/lang/Object;)I @ 43
Event: 6.385 Thread 0x000000001684d800 Uncommon trap: reason=bimorphic action=maybe_recompile pc=0x0000000002944810 method=java.util.HashMap.getNode(ILjava/lang/Object;)Ljava/util/HashMap$Node; @ 126
Event: 6.385 Thread 0x000000001684d800 Uncommon trap: reason=bimorphic action=maybe_recompile pc=0x0000000002944810 method=java.util.HashMap.getNode(ILjava/lang/Object;)Ljava/util/HashMap$Node; @ 126
Event: 6.388 Thread 0x000000001684d800 Uncommon trap: reason=bimorphic action=maybe_recompile pc=0x000000000292af7c method=java.util.HashMap.getNode(ILjava/lang/Object;)Ljava/util/HashMap$Node; @ 126

Internal exceptions (2 events):
Event: 0.368 Thread 0x000000000270d800 Exception <a 'java/lang/NoSuchMethodError': Method sun.misc.Unsafe.defineClass(Ljava/lang/String;[BII)Ljava/lang/Class; name or signature does not match> (0x00000000eab07cc0) thrown at [C:\src\android\AOSP-openjdk\external\jetbrains\jdk\hotspot\src\share\væ,qìêŒ×?
Event: 0.368 Thread 0x000000000270d800 Exception <a 'java/lang/NoSuchMethodError': Method sun.misc.Unsafe.prefetchRead(Ljava/lang/Object;J)V name or signature does not match> (0x00000000eab07fa8) thrown at [C:\src\android\AOSP-openjdk\external\jetbrains\jdk\hotspot\src\share\vm\prims\jni.cpp, l

Events (10 events):
Event: 6.380 Thread 0x000000001684d800 DEOPT UNPACKING pc=0x000000000275556a sp=0x0000000016caea18 mode 2
Event: 6.385 Thread 0x000000001684d800 Uncommon trap: trap_request=0xffffffc6 fr.pc=0x0000000002944810
Event: 6.385 Thread 0x000000001684d800 DEOPT PACKING pc=0x0000000002944810 sp=0x0000000016caebf0
Event: 6.385 Thread 0x000000001684d800 DEOPT UNPACKING pc=0x000000000275556a sp=0x0000000016caeb18 mode 2
Event: 6.385 Thread 0x000000001684d800 Uncommon trap: trap_request=0xffffffc6 fr.pc=0x0000000002944810
Event: 6.385 Thread 0x000000001684d800 DEOPT PACKING pc=0x0000000002944810 sp=0x0000000016caebf0
Event: 6.385 Thread 0x000000001684d800 DEOPT UNPACKING pc=0x000000000275556a sp=0x0000000016caeb18 mode 2
Event: 6.388 Thread 0x000000001684d800 Uncommon trap: trap_request=0xffffffc6 fr.pc=0x000000000292af7c
Event: 6.388 Thread 0x000000001684d800 DEOPT PACKING pc=0x000000000292af7c sp=0x0000000016caeb80
Event: 6.388 Thread 0x000000001684d800 DEOPT UNPACKING pc=0x000000000275556a sp=0x0000000016caeb18 mode 2


Dynamic libraries:
0x00007ff6f9030000 - 0x00007ff6f9061000 	C:\Program Files\Android\Android Studio\jre\bin\java.exe
0x00007fff6a880000 - 0x00007fff6aa2d000 	C:\windows\SYSTEM32\ntdll.dll
0x00007fff68120000 - 0x00007fff6825e000 	C:\windows\system32\KERNEL32.DLL
0x00007fff67bb0000 - 0x00007fff67cc5000 	C:\windows\system32\KERNELBASE.dll
0x00007fff68830000 - 0x00007fff688da000 	C:\windows\system32\ADVAPI32.dll
0x00007fff68a10000 - 0x00007fff68b87000 	C:\windows\system32\USER32.dll
0x00007fff65bb0000 - 0x00007fff65e2a000 	C:\windows\WinSxS\amd64_microsoft.windows.common-controls_6595b64144ccf1df_6.0.9600.17810_none_6240b9c7ecbd0bda\COMCTL32.dll
0x00007fff683b0000 - 0x00007fff6845a000 	C:\windows\system32\msvcrt.dll
0x00007fff68e70000 - 0x00007fff68ec9000 	C:\windows\SYSTEM32\sechost.dll
0x00007fff68270000 - 0x00007fff683b0000 	C:\windows\system32\RPCRT4.dll
0x00007fff6a420000 - 0x00007fff6a56f000 	C:\windows\system32\GDI32.dll
0x00007fff67b80000 - 0x00007fff67bae000 	C:\windows\system32\SspiCli.dll
0x00007fff67f00000 - 0x00007fff67f36000 	C:\windows\system32\IMM32.DLL
0x00007fff6a5d0000 - 0x00007fff6a722000 	C:\windows\system32\MSCTF.dll
0x00007fff58da0000 - 0x00007fff58e47000 	C:\Program Files\McAfee\Host Intrusion Prevention\HcApi.dll
0x000000006f370000 - 0x000000006f37c000 	C:\Program Files\McAfee\Host Intrusion Prevention\HcThe.dll
0x000000006c760000 - 0x000000006c832000 	C:\Program Files\Android\Android Studio\jre\jre\bin\msvcr100.dll
0x000000006c840000 - 0x000000006d074000 	C:\Program Files\Android\Android Studio\jre\jre\bin\server\jvm.dll
0x00007fff5f3c0000 - 0x00007fff5f3c9000 	C:\windows\SYSTEM32\WSOCK32.dll
0x00007fff61ed0000 - 0x00007fff61ef2000 	C:\windows\SYSTEM32\WINMM.dll
0x00007fff61440000 - 0x00007fff6144a000 	C:\windows\SYSTEM32\VERSION.dll
0x00007fff684c0000 - 0x00007fff684c7000 	C:\windows\system32\PSAPI.DLL
0x00007fff68460000 - 0x00007fff684ba000 	C:\windows\system32\WS2_32.dll
0x00007fff61ea0000 - 0x00007fff61eca000 	C:\windows\SYSTEM32\WINMMBASE.dll
0x00007fff6a7a0000 - 0x00007fff6a7a9000 	C:\windows\system32\NSI.dll
0x00007fff67cd0000 - 0x00007fff67d1f000 	C:\windows\SYSTEM32\cfgmgr32.dll
0x00007fff667c0000 - 0x00007fff667e8000 	C:\windows\SYSTEM32\DEVOBJ.dll
0x00007fff62590000 - 0x00007fff6259f000 	C:\Program Files\Android\Android Studio\jre\jre\bin\verify.dll
0x00007fff5bcb0000 - 0x00007fff5bcd9000 	C:\Program Files\Android\Android Studio\jre\jre\bin\java.dll
0x00007fff5d310000 - 0x00007fff5d326000 	C:\Program Files\Android\Android Studio\jre\jre\bin\zip.dll
0x00007fff68ef0000 - 0x00007fff6a418000 	C:\windows\system32\SHELL32.dll
0x00007fff68c50000 - 0x00007fff68e61000 	C:\windows\SYSTEM32\combase.dll
0x00007fff6a570000 - 0x00007fff6a5c4000 	C:\windows\system32\SHLWAPI.dll
0x00007fff66070000 - 0x00007fff66122000 	C:\windows\SYSTEM32\SHCORE.dll
0x00007fff679a0000 - 0x00007fff679b5000 	C:\windows\SYSTEM32\profapi.dll

VM Arguments:
jvm_args: -Djava.awt.headless=true -Xmx1024M -Dfile.encoding=windows-1252 -Duser.country=US -Duser.language=en -Duser.variant 
java_command: com.android.dx.command.Main --dex --force-jumbo --num-threads=4 --multi-dex --output D:\Projects_\MyProjs\Res\app\build\intermediates\transforms\dex\debug\folders\1000\10\com.google.android.gms-play-services-ads-lite-10.0.1_728866bc6db1d8e4cfb53b061af78df7cff4afa2 D:\Projects_\MyProjs\Res\app\build\intermediates\exploded-aar\com.google.android.gms\play-services-ads-lite\10.0.1\jars\classes.jar
java_class_path (initial): C:\Run\AndroidFullUpdate\android-sdk-windows\build-tools\23.0.3\lib\dx.jar
Launcher Type: SUN_STANDARD

Environment Variables:
JAVA_HOME=C:\Program Files\Java\jdk1.7.0_75
PATH=C:\ProgramData\Oracle\Java\javapath;C:\Program Files (x86)\RSA SecurID Token Common;C:\windows\system32;C:\windows;C:\windows\System32\Wbem;C:\windows\System32\WindowsPowerShell\v1.0\;%JAVA_HOME%\bin;C:\Run\AndroidFullUpdate\android-sdk-windows\platform-tools;C:\Program Files\Java\jdk1.7.0_75\bin;C:\Program Files\TortoiseSVN\bin;C:\Program Files (x86)\Git\cmd;C:\Program Files (x86)\Brackets\command;C:\Program Files (x86)\Skype\Phone\;C:\Program Files (x86)\QuickTime\QTSystem\;C:\Program Files\nodejs\;C:\Program Files\Java\jdk1.8.0_92\bin;C:\Run\android-ndk-r11c-windows-x86_64\android-ndk-r11c;C:\xampp\php;C:\ProgramData\ComposerSetup\bin;C:\Program Files (x86)\Common Files\lenovo\easyplussdk\bin;C:\Program Files\TortoiseSVN\bin;C:\Program Files\Kony\ImageMagick;C:\Program Files\Kony\Ant\bin;C:\Program Files\Java\jdk1.7.0_75\bin;C:\Run\AndroidFullUpdate\android-sdk-windows\platform-tools;C:\Run\AndroidFullUpdate\android-sdk-windows\tools;C:\Users\sheikb\AppData\Roaming\npm;C:\Users\sheikb\AppData\Roaming\Composer\vendor\bin
USERNAME=sheikb
OS=Windows_NT
PROCESSOR_IDENTIFIER=Intel64 Family 6 Model 69 Stepping 1, GenuineIntel



---------------  S Y S T E M  ---------------

OS: Windows 8.1 , 64 bit Build 9600 (6.3.9600.17415)

CPU:total 4 (2 cores per cpu, 2 threads per core) family 6 model 69 stepping 1, cmov, cx8, fxsr, mmx, sse, sse2, sse3, ssse3, sse4.1, sse4.2, popcnt, avx, avx2, aes, clmul, erms, lzcnt, ht, tsc, tscinvbit, bmi1, bmi2

Memory: 4k page, physical 8283180k(976852k free), swap 11428908k(5060k free)

vm_info: OpenJDK 64-Bit Server VM (25.76-b03) for windows-amd64 JRE (1.8.0_76-release-b03), built on Jun 29 2016 19:09:20 by "ralucas" with MS VC++ 10.0 (VS2010)

time: Thu Jan 12 00:41:14 2017
elapsed time: 6 seconds (0d 0h 0m 6s)

