#
# There is insufficient memory for the Java Runtime Environment to continue.
# Native memory allocation (malloc) failed to allocate 407456 bytes for Chunk::new
# Possible reasons:
#   The system is out of physical RAM or swap space
#   In 32 bit mode, the process size limit was hit
# Possible solutions:
#   Reduce memory load on the system
#   Increase physical memory or swap space
#   Check if swap backing store is full
#   Use 64 bit Java on a 64 bit OS
#   Decrease Java heap size (-Xmx/-Xms)
#   Decrease number of Java threads
#   Decrease Java thread stack sizes (-Xss)
#   Set larger code cache with -XX:ReservedCodeCacheSize=
# This output file may be truncated or incomplete.
#
#  Out of Memory Error (allocation.cpp:390), pid=18528, tid=0x0000000000004950
#
# JRE version: OpenJDK Runtime Environment (8.0_76-b03) (build 1.8.0_76-release-b03)
# Java VM: OpenJDK 64-Bit Server VM (25.76-b03 mixed mode windows-amd64 compressed oops)
# Failed to write core dump. Minidumps are not enabled by default on client versions of Windows
#

---------------  T H R E A D  ---------------

Current thread (0x00000000154da800):  JavaThread "C2 CompilerThread0" daemon [_thread_in_native, id=18768, stack(0x0000000018050000,0x0000000018150000)]

Stack: [0x0000000018050000,0x0000000018150000]
[error occurred during error reporting (printing stack bounds), id 0xc0000005]

Native frames: (J=compiled Java code, j=interpreted, Vv=VM code, C=native code)


Current CompileTask:
C2:   2812 1286       4       com.android.dx.ssa.SCCP::simulateBranch (666 bytes)


---------------  P R O C E S S  ---------------

Java Threads: ( => current thread )
  0x0000000018647800 JavaThread "pool-2-thread-4" [_thread_blocked, id=18892, stack(0x0000000018d50000,0x0000000018e50000)]
  0x0000000018647000 JavaThread "pool-2-thread-3" [_thread_blocked, id=18888, stack(0x0000000018c50000,0x0000000018d50000)]
  0x0000000018641000 JavaThread "pool-2-thread-2" [_thread_blocked, id=18884, stack(0x0000000018b50000,0x0000000018c50000)]
  0x00000000185c1000 JavaThread "pool-3-thread-1" [_thread_blocked, id=18880, stack(0x0000000018a50000,0x0000000018b50000)]
  0x00000000185c0000 JavaThread "pool-2-thread-1" [_thread_in_Java, id=18876, stack(0x0000000018950000,0x0000000018a50000)]
  0x000000001553a800 JavaThread "Service Thread" daemon [_thread_blocked, id=18820, stack(0x0000000018750000,0x0000000018850000)]
  0x0000000015531000 JavaThread "C1 CompilerThread2" daemon [_thread_blocked, id=18804, stack(0x0000000018250000,0x0000000018350000)]
  0x00000000154de000 JavaThread "C2 CompilerThread1" daemon [_thread_in_native, id=18792, stack(0x0000000018150000,0x0000000018250000)]
=>0x00000000154da800 JavaThread "C2 CompilerThread0" daemon [_thread_in_native, id=18768, stack(0x0000000018050000,0x0000000018150000)]
  0x00000000154d9800 JavaThread "Attach Listener" daemon [_thread_blocked, id=18764, stack(0x0000000017f50000,0x0000000018050000)]
  0x00000000154d8000 JavaThread "Signal Dispatcher" daemon [_thread_blocked, id=18760, stack(0x0000000017e50000,0x0000000017f50000)]
  0x00000000154c8000 JavaThread "Finalizer" daemon [_thread_blocked, id=18732, stack(0x0000000016740000,0x0000000016840000)]
  0x0000000002e01000 JavaThread "Reference Handler" daemon [_thread_blocked, id=18724, stack(0x0000000016640000,0x0000000016740000)]
  0x0000000002d12800 JavaThread "main" [_thread_in_Java, id=18616, stack(0x0000000002bf0000,0x0000000002cf0000)]

Other Threads:
  0x00000000154a5000 VMThread [stack: 0x0000000016540000,0x0000000016640000] [id=18684]
  0x000000001553c800 WatcherThread [stack: 0x0000000018850000,0x0000000018950000] [id=18824]

VM state:not at safepoint (normal execution)

VM Mutex/Monitor currently owned by a thread: None

Heap:
 PSYoungGen      total 38400K, used 30810K [0x00000000eab00000, 0x00000000ef600000, 0x0000000100000000)
  eden space 33280K, 77% used [0x00000000eab00000,0x00000000ec41bfa8,0x00000000ecb80000)
  from space 5120K, 99% used [0x00000000ecb80000,0x00000000ed07aad8,0x00000000ed080000)
  to   space 5120K, 0% used [0x00000000ef100000,0x00000000ef100000,0x00000000ef600000)
 ParOldGen       total 87552K, used 1626K [0x00000000c0000000, 0x00000000c5580000, 0x00000000eab00000)
  object space 87552K, 1% used [0x00000000c0000000,0x00000000c0196ae0,0x00000000c5580000)
 Metaspace       used 5976K, capacity 6960K, committed 7040K, reserved 1056768K
  class space    used 574K, capacity 616K, committed 640K, reserved 1048576K

Card table byte_map: [0x00000000121d0000,0x00000000123e0000] byte_map_base: 0x0000000011bd0000

Marking Bits: (ParMarkBitMap*) 0x0000000072a29d00
 Begin Bits: [0x0000000012940000, 0x0000000013940000)
 End Bits:   [0x0000000013940000, 0x0000000014940000)

Polling page: 0x0000000002b10000

CodeCache: size=245760Kb used=5101Kb max_used=5101Kb free=240658Kb
 bounds [0x0000000002e10000, 0x0000000003310000, 0x0000000011e10000]
 total_blobs=1560 nmethods=1291 adapters=181
 compilation: enabled

Compilation events (10 events):
Event: 2.800 Thread 0x0000000015531000 nmethod 1309 0x0000000003308850 code [0x00000000033089a0, 0x0000000003308ab0]
Event: 2.805 Thread 0x0000000015531000 1316       2       com.android.dx.ssa.back.FirstFitLocalCombiningAllocator::handleInvokeRangeInsns (36 bytes)
Event: 2.806 Thread 0x0000000015531000 nmethod 1316 0x0000000003308b10 code [0x0000000003308ca0, 0x0000000003308f78]
Event: 2.806 Thread 0x0000000015531000 1317       2       com.android.dx.ssa.back.FirstFitLocalCombiningAllocator::handleLocalAssociatedOther (151 bytes)
Event: 2.806 Thread 0x0000000015531000 nmethod 1317 0x0000000003309150 code [0x0000000003309380, 0x0000000003309a38]
Event: 2.807 Thread 0x0000000015531000 1318       2       com.android.dx.ssa.back.FirstFitLocalCombiningAllocator::handlePhiInsns (36 bytes)
Event: 2.807 Thread 0x0000000015531000 nmethod 1318 0x000000000330a210 code [0x000000000330a3a0, 0x000000000330a678]
Event: 2.808 Thread 0x0000000015531000 1319       2       com.android.dx.ssa.SsaMethod::setBackMode (16 bytes)
Event: 2.808 Thread 0x0000000015531000 nmethod 1319 0x000000000330a850 code [0x000000000330a9a0, 0x000000000330ab10]
Event: 2.809 Thread 0x0000000015531000 1320       2       com.android.dx.ssa.back.SsaToRop::removeEmptyGotos (26 bytes)

GC Heap History (2 events):
Event: 1.606 GC heap before
{Heap before GC invocations=1 (full 0):
 PSYoungGen      total 38400K, used 33280K [0x00000000eab00000, 0x00000000ed580000, 0x0000000100000000)
  eden space 33280K, 100% used [0x00000000eab00000,0x00000000ecb80000,0x00000000ecb80000)
  from space 5120K, 0% used [0x00000000ed080000,0x00000000ed080000,0x00000000ed580000)
  to   space 5120K, 0% used [0x00000000ecb80000,0x00000000ecb80000,0x00000000ed080000)
 ParOldGen       total 87552K, used 0K [0x00000000c0000000, 0x00000000c5580000, 0x00000000eab00000)
  object space 87552K, 0% used [0x00000000c0000000,0x00000000c0000000,0x00000000c5580000)
 Metaspace       used 5831K, capacity 6832K, committed 7040K, reserved 1056768K
  class space    used 573K, capacity 616K, committed 640K, reserved 1048576K
Event: 1.717 GC heap after
Heap after GC invocations=1 (full 0):
 PSYoungGen      total 38400K, used 5098K [0x00000000eab00000, 0x00000000ef600000, 0x0000000100000000)
  eden space 33280K, 0% used [0x00000000eab00000,0x00000000eab00000,0x00000000ecb80000)
  from space 5120K, 99% used [0x00000000ecb80000,0x00000000ed07aad8,0x00000000ed080000)
  to   space 5120K, 0% used [0x00000000ef100000,0x00000000ef100000,0x00000000ef600000)
 ParOldGen       total 87552K, used 1626K [0x00000000c0000000, 0x00000000c5580000, 0x00000000eab00000)
  object space 87552K, 1% used [0x00000000c0000000,0x00000000c0196ae0,0x00000000c5580000)
 Metaspace       used 5831K, capacity 6832K, committed 7040K, reserved 1056768K
  class space    used 573K, capacity 616K, committed 640K, reserved 1048576K
}

Deoptimization events (6 events):
Event: 0.962 Thread 0x0000000018641000 Uncommon trap: reason=unstable_if action=reinterpret pc=0x0000000003042894 method=java.util.HashMap.getNode(ILjava/lang/Object;)Ljava/util/HashMap$Node; @ 129
Event: 1.120 Thread 0x0000000018641000 Uncommon trap: reason=unstable_if action=reinterpret pc=0x00000000030756b4 method=java.util.BitSet.ensureCapacity(I)V @ 6
Event: 1.120 Thread 0x0000000018641000 Uncommon trap: reason=unstable_if action=reinterpret pc=0x00000000030aa030 method=java.util.BitSet.ensureCapacity(I)V @ 6
Event: 1.430 Thread 0x0000000002d12800 Uncommon trap: reason=unstable_if action=reinterpret pc=0x0000000003082750 method=java.lang.String.<init>([CII)V @ 18
Event: 1.558 Thread 0x0000000002d12800 Uncommon trap: reason=unstable_if action=reinterpret pc=0x0000000003056568 method=java.lang.String.<init>([CII)V @ 18
Event: 2.603 Thread 0x0000000018641000 Uncommon trap: reason=bimorphic action=maybe_recompile pc=0x0000000003209494 method=com.android.dx.ssa.SCCP.simulatePhi(Lcom/android/dx/ssa/PhiInsn;)V @ 124

Internal exceptions (2 events):
Event: 0.067 Thread 0x0000000002d12800 Exception <a 'java/lang/NoSuchMethodError': Method sun.misc.Unsafe.defineClass(Ljava/lang/String;[BII)Ljava/lang/Class; name or signature does not match> (0x00000000eab07cc0) thrown at [C:\src\android\AOSP-openjdk\external\jetbrains\jdk\hotspot\src\share\v¸N±?
Event: 0.067 Thread 0x0000000002d12800 Exception <a 'java/lang/NoSuchMethodError': Method sun.misc.Unsafe.prefetchRead(Ljava/lang/Object;J)V name or signature does not match> (0x00000000eab07fa8) thrown at [C:\src\android\AOSP-openjdk\external\jetbrains\jdk\hotspot\src\share\vm\prims\jni.cpp, l

Events (10 events):
Event: 2.530 Thread 0x0000000018647000 DEOPT UNPACKING pc=0x0000000002e575bf sp=0x0000000018d4e860 mode 0
Event: 2.601 Thread 0x0000000018641000 DEOPT PACKING pc=0x00000000031bf990 sp=0x0000000018c4ec60
Event: 2.601 Thread 0x0000000018641000 DEOPT UNPACKING pc=0x0000000002e575bf sp=0x0000000018c4e9f8 mode 0
Event: 2.603 Thread 0x0000000018641000 Uncommon trap: trap_request=0xffffffc6 fr.pc=0x0000000003209494
Event: 2.603 Thread 0x0000000018641000 DEOPT PACKING pc=0x0000000003209494 sp=0x0000000018c4ee20
Event: 2.603 Thread 0x0000000018641000 DEOPT UNPACKING pc=0x0000000002e5556a sp=0x0000000018c4edd8 mode 2
Event: 2.756 Thread 0x00000000185c0000 DEOPT PACKING pc=0x00000000031bfa2d sp=0x0000000018a4e500
Event: 2.756 Thread 0x00000000185c0000 DEOPT UNPACKING pc=0x0000000002e575bf sp=0x0000000018a4e298 mode 0
Event: 2.771 Thread 0x00000000185c0000 DEOPT PACKING pc=0x00000000031bfa2d sp=0x0000000018a4e500
Event: 2.771 Thread 0x00000000185c0000 DEOPT UNPACKING pc=0x0000000002e575bf sp=0x0000000018a4e298 mode 0


Dynamic libraries:
0x00007ff7b8a70000 - 0x00007ff7b8aa1000 	C:\Program Files\Android\Android Studio\jre\bin\java.exe
0x00007ffc5c530000 - 0x00007ffc5c6dd000 	C:\windows\SYSTEM32\ntdll.dll
0x00007ffc5a7a0000 - 0x00007ffc5a8de000 	C:\windows\system32\KERNEL32.DLL
0x00007ffc59a90000 - 0x00007ffc59ba5000 	C:\windows\system32\KERNELBASE.dll
0x00007ffc5a230000 - 0x00007ffc5a2da000 	C:\windows\system32\ADVAPI32.dll
0x00007ffc5a3e0000 - 0x00007ffc5a557000 	C:\windows\system32\USER32.dll
0x00007ffc57ac0000 - 0x00007ffc57d3a000 	C:\windows\WinSxS\amd64_microsoft.windows.common-controls_6595b64144ccf1df_6.0.9600.17810_none_6240b9c7ecbd0bda\COMCTL32.dll
0x00007ffc59ed0000 - 0x00007ffc59f7a000 	C:\windows\system32\msvcrt.dll
0x00007ffc5a720000 - 0x00007ffc5a779000 	C:\windows\SYSTEM32\sechost.dll
0x00007ffc5a940000 - 0x00007ffc5aa80000 	C:\windows\system32\RPCRT4.dll
0x00007ffc59f80000 - 0x00007ffc5a0cf000 	C:\windows\system32\GDI32.dll
0x00007ffc59950000 - 0x00007ffc5997e000 	C:\windows\system32\SspiCli.dll
0x00007ffc5a2e0000 - 0x00007ffc5a316000 	C:\windows\system32\IMM32.DLL
0x00007ffc5a0d0000 - 0x00007ffc5a222000 	C:\windows\system32\MSCTF.dll
0x00007ffc4cb60000 - 0x00007ffc4cc07000 	C:\Program Files\McAfee\Host Intrusion Prevention\HcApi.dll
0x0000000075650000 - 0x000000007565c000 	C:\Program Files\McAfee\Host Intrusion Prevention\HcThe.dll
0x0000000074b90000 - 0x0000000074c62000 	C:\Program Files\Android\Android Studio\jre\jre\bin\msvcr100.dll
0x0000000072270000 - 0x0000000072aa4000 	C:\Program Files\Android\Android Studio\jre\jre\bin\server\jvm.dll
0x00007ffc50bc0000 - 0x00007ffc50bc9000 	C:\windows\SYSTEM32\WSOCK32.dll
0x00007ffc541d0000 - 0x00007ffc541f2000 	C:\windows\SYSTEM32\WINMM.dll
0x00007ffc533d0000 - 0x00007ffc533da000 	C:\windows\SYSTEM32\VERSION.dll
0x00007ffc5a790000 - 0x00007ffc5a797000 	C:\windows\system32\PSAPI.DLL
0x00007ffc5af30000 - 0x00007ffc5af8a000 	C:\windows\system32\WS2_32.dll
0x00007ffc53c60000 - 0x00007ffc53c8a000 	C:\windows\SYSTEM32\WINMMBASE.dll
0x00007ffc5a780000 - 0x00007ffc5a789000 	C:\windows\system32\NSI.dll
0x00007ffc59720000 - 0x00007ffc5976f000 	C:\windows\SYSTEM32\cfgmgr32.dll
0x00007ffc58470000 - 0x00007ffc58498000 	C:\windows\SYSTEM32\DEVOBJ.dll
0x00007ffc56280000 - 0x00007ffc5628f000 	C:\Program Files\Android\Android Studio\jre\jre\bin\verify.dll
0x00007ffc54200000 - 0x00007ffc54229000 	C:\Program Files\Android\Android Studio\jre\jre\bin\java.dll
0x00007ffc53d90000 - 0x00007ffc53da6000 	C:\Program Files\Android\Android Studio\jre\jre\bin\zip.dll
0x0000000016920000 - 0x0000000017e48000 	C:\windows\system32\SHELL32.dll
0x00007ffc5aa80000 - 0x00007ffc5ac91000 	C:\windows\SYSTEM32\combase.dll
0x00007ffc59bb0000 - 0x00007ffc59c04000 	C:\windows\system32\SHLWAPI.dll
0x00007ffc57f40000 - 0x00007ffc57ff2000 	C:\windows\SYSTEM32\SHCORE.dll
0x00007ffc59650000 - 0x00007ffc59665000 	C:\windows\SYSTEM32\profapi.dll

VM Arguments:
jvm_args: -Djava.awt.headless=true -Xmx1024M -Dfile.encoding=windows-1252 -Duser.country=US -Duser.language=en -Duser.variant 
java_command: com.android.dx.command.Main --dex --force-jumbo --num-threads=4 --multi-dex --output D:\Projects_\MyProjs\Res\app\build\intermediates\transforms\dex\debug\folders\1000\10\com.google.android.gms-play-services-tagmanager-10.0.1_2cce0999d4f08723261620892616ad659093890f D:\Projects_\MyProjs\Res\app\build\intermediates\exploded-aar\com.google.android.gms\play-services-tagmanager\10.0.1\jars\classes.jar
java_class_path (initial): C:\Run\AndroidFullUpdate\android-sdk-windows\build-tools\25.0.2\lib\dx.jar
Launcher Type: SUN_STANDARD

Environment Variables:
JAVA_HOME=C:\Program Files\Java\jdk1.8.0_92
PATH=C:\ProgramData\Oracle\Java\javapath;C:\Program Files (x86)\RSA SecurID Token Common;C:\windows\system32;C:\windows;C:\windows\System32\Wbem;C:\windows\System32\WindowsPowerShell\v1.0\;%JAVA_HOME%\bin;C:\Run\AndroidFullUpdate\android-sdk-windows\platform-tools;C:\Program Files (x86)\Git\cmd;C:\Program Files (x86)\Brackets\command;C:\Program Files (x86)\Skype\Phone\;C:\Program Files (x86)\QuickTime\QTSystem\;C:\Program Files\nodejs\;C:\Program Files\Java\jdk1.8.0_92\bin;C:\Run\android-ndk-r11c-windows-x86_64\android-ndk-r11c;C:\xampp\php;C:\ProgramData\ComposerSetup\bin;C:\Program Files (x86)\Common Files\lenovo\easyplussdk\bin;C:\Program Files\TortoiseSVN\bin;C:\Run\AndroidFullUpdate\android-sdk-windows\platform-tools;C:\Run\AndroidFullUpdate\android-sdk-windows\tools;C:\Users\sheikb\AppData\Roaming\npm;C:\Users\sheikb\AppData\Roaming\Composer\vendor\bin; C:\Program Files\Java\jdk1.8.0_92\bin
USERNAME=sheikb
OS=Windows_NT
PROCESSOR_IDENTIFIER=Intel64 Family 6 Model 69 Stepping 1, GenuineIntel



---------------  S Y S T E M  ---------------

OS: Windows 8.1 , 64 bit Build 9600 (6.3.9600.17415)

CPU:total 4 (2 cores per cpu, 2 threads per core) family 6 model 69 stepping 1, cmov, cx8, fxsr, mmx, sse, sse2, sse3, ssse3, sse4.1, sse4.2, popcnt, avx, avx2, aes, clmul, erms, lzcnt, ht, tsc, tscinvbit, bmi1, bmi2

Memory: 4k page, physical 8283180k(940244k free), swap 11428908k(5668k free)

vm_info: OpenJDK 64-Bit Server VM (25.76-b03) for windows-amd64 JRE (1.8.0_76-release-b03), built on Jun 29 2016 19:09:20 by "ralucas" with MS VC++ 10.0 (VS2010)

time: Thu Feb 16 20:16:08 2017
elapsed time: 2 seconds (0d 0h 0m 2s)

