#
# There is insufficient memory for the Java Runtime Environment to continue.
# Native memory allocation (malloc) failed to allocate 468496 bytes for Chunk::new
# Possible reasons:
#   The system is out of physical RAM or swap space
#   In 32 bit mode, the process size limit was hit
# Possible solutions:
#   Reduce memory load on the system
#   Increase physical memory or swap space
#   Check if swap backing store is full
#   Use 64 bit Java on a 64 bit OS
#   Decrease Java heap size (-Xmx/-Xms)
#   Decrease number of Java threads
#   Decrease Java thread stack sizes (-Xss)
#   Set larger code cache with -XX:ReservedCodeCacheSize=
# This output file may be truncated or incomplete.
#
#  Out of Memory Error (allocation.cpp:390), pid=7912, tid=0x0000000000002960
#
# JRE version: OpenJDK Runtime Environment (8.0_76-b03) (build 1.8.0_76-release-b03)
# Java VM: OpenJDK 64-Bit Server VM (25.76-b03 mixed mode windows-amd64 compressed oops)
# Failed to write core dump. Minidumps are not enabled by default on client versions of Windows
#

---------------  T H R E A D  ---------------

Current thread (0x000000001464a800):  JavaThread "C2 CompilerThread0" daemon [_thread_in_native, id=10592, stack(0x00000000171c0000,0x00000000172c0000)]

Stack: [0x00000000171c0000,0x00000000172c0000]
[error occurred during error reporting (printing stack bounds), id 0xc0000005]

Native frames: (J=compiled Java code, j=interpreted, Vv=VM code, C=native code)


Current CompileTask:
C2:   2217 1299       4       com.android.dx.ssa.SCCP::simulateBranch (666 bytes)


---------------  P R O C E S S  ---------------

Java Threads: ( => current thread )
  0x0000000017730000 JavaThread "pool-2-thread-4" [_thread_blocked, id=9324, stack(0x0000000017ec0000,0x0000000017fc0000)]
  0x000000001772f800 JavaThread "pool-2-thread-3" [_thread_blocked, id=17960, stack(0x0000000017dc0000,0x0000000017ec0000)]
  0x000000001772e000 JavaThread "pool-2-thread-2" [_thread_blocked, id=6080, stack(0x0000000017cc0000,0x0000000017dc0000)]
  0x000000001772b000 JavaThread "pool-3-thread-1" [_thread_blocked, id=6208, stack(0x0000000017bc0000,0x0000000017cc0000)]
  0x000000001772a000 JavaThread "pool-2-thread-1" [_thread_blocked, id=2684, stack(0x0000000017ac0000,0x0000000017bc0000)]
  0x00000000146ae800 JavaThread "Service Thread" daemon [_thread_blocked, id=13348, stack(0x00000000178c0000,0x00000000179c0000)]
  0x00000000146ac800 JavaThread "C1 CompilerThread2" daemon [_thread_in_vm, id=14768, stack(0x00000000173c0000,0x00000000174c0000)]
  0x000000001464e000 JavaThread "C2 CompilerThread1" daemon [_thread_in_native, id=13296, stack(0x00000000172c0000,0x00000000173c0000)]
=>0x000000001464a800 JavaThread "C2 CompilerThread0" daemon [_thread_in_native, id=10592, stack(0x00000000171c0000,0x00000000172c0000)]
  0x0000000014649800 JavaThread "Attach Listener" daemon [_thread_blocked, id=17396, stack(0x00000000170c0000,0x00000000171c0000)]
  0x0000000014648000 JavaThread "Signal Dispatcher" daemon [_thread_blocked, id=18412, stack(0x0000000016fc0000,0x00000000170c0000)]
  0x0000000001f26800 JavaThread "Finalizer" daemon [_thread_blocked, id=17236, stack(0x00000000158b0000,0x00000000159b0000)]
  0x0000000001f21000 JavaThread "Reference Handler" daemon [_thread_blocked, id=16576, stack(0x00000000157b0000,0x00000000158b0000)]
  0x0000000001e32800 JavaThread "main" [_thread_in_vm, id=11616, stack(0x0000000001d00000,0x0000000001e00000)]

Other Threads:
  0x0000000014615000 VMThread [stack: 0x00000000156b0000,0x00000000157b0000] [id=1392]
  0x00000000174c5000 WatcherThread [stack: 0x00000000179c0000,0x0000000017ac0000] [id=18312]

VM state:not at safepoint (normal execution)

VM Mutex/Monitor currently owned by a thread: None

Heap:
 PSYoungGen      total 38400K, used 13752K [0x00000000eab00000, 0x00000000ef600000, 0x0000000100000000)
  eden space 33280K, 26% used [0x00000000eab00000,0x00000000eb375518,0x00000000ecb80000)
  from space 5120K, 99% used [0x00000000ecb80000,0x00000000ed078ec8,0x00000000ed080000)
  to   space 5120K, 0% used [0x00000000ef100000,0x00000000ef100000,0x00000000ef600000)
 ParOldGen       total 87552K, used 1392K [0x00000000c0000000, 0x00000000c5580000, 0x00000000eab00000)
  object space 87552K, 1% used [0x00000000c0000000,0x00000000c015c320,0x00000000c5580000)
 Metaspace       used 6053K, capacity 7024K, committed 7296K, reserved 1056768K
  class space    used 576K, capacity 616K, committed 640K, reserved 1048576K

Card table byte_map: [0x0000000011320000,0x0000000011530000] byte_map_base: 0x0000000010d20000

Marking Bits: (ParMarkBitMap*) 0x0000000072a29d00
 Begin Bits: [0x0000000011a90000, 0x0000000012a90000)
 End Bits:   [0x0000000012a90000, 0x0000000013a90000)

Polling page: 0x0000000001e10000

CodeCache: size=245760Kb used=5640Kb max_used=5640Kb free=240119Kb
 bounds [0x0000000001f60000, 0x00000000024f0000, 0x0000000010f60000]
 total_blobs=1627 nmethods=1359 adapters=182
 compilation: enabled

Compilation events (10 events):
Event: 2.210 Thread 0x00000000146ac800 1361       3       com.android.dx.ssa.SsaMethod::setBackMode (16 bytes)
Event: 2.210 Thread 0x00000000146ac800 nmethod 1361 0x00000000024ddd90 code [0x00000000024ddee0, 0x00000000024de070]
Event: 2.210 Thread 0x00000000146ac800 1362       3       com.android.dx.ssa.back.SsaToRop::removeEmptyGotos (26 bytes)
Event: 2.210 Thread 0x00000000146ac800 nmethod 1362 0x00000000024de110 code [0x00000000024de280, 0x00000000024de668]
Event: 2.210 Thread 0x00000000146ac800 1363       3       com.android.dx.ssa.back.IdenticalBlockCombiner::<init> (32 bytes)
Event: 2.211 Thread 0x00000000146ac800 nmethod 1363 0x00000000024de7d0 code [0x00000000024de960, 0x00000000024dede8]
Event: 2.211 Thread 0x00000000146ac800 1364       3       com.android.dx.cf.code.LocalVariableList::concat (97 bytes)
Event: 2.213 Thread 0x00000000146ac800 nmethod 1364 0x00000000024defd0 code [0x00000000024df300, 0x00000000024e1048]
Event: 2.214 Thread 0x00000000146ac800 1365       3       com.android.dx.ssa.SsaBasicBlock::insertNewPredecessor (134 bytes)
Event: 2.215 Thread 0x00000000146ac800 nmethod 1365 0x00000000024e2550 code [0x00000000024e27a0, 0x00000000024e32f8]

GC Heap History (2 events):
Event: 1.955 GC heap before
{Heap before GC invocations=1 (full 0):
 PSYoungGen      total 38400K, used 33280K [0x00000000eab00000, 0x00000000ed580000, 0x0000000100000000)
  eden space 33280K, 100% used [0x00000000eab00000,0x00000000ecb80000,0x00000000ecb80000)
  from space 5120K, 0% used [0x00000000ed080000,0x00000000ed080000,0x00000000ed580000)
  to   space 5120K, 0% used [0x00000000ecb80000,0x00000000ecb80000,0x00000000ed080000)
 ParOldGen       total 87552K, used 0K [0x00000000c0000000, 0x00000000c5580000, 0x00000000eab00000)
  object space 87552K, 0% used [0x00000000c0000000,0x00000000c0000000,0x00000000c5580000)
 Metaspace       used 5941K, capacity 6960K, committed 7040K, reserved 1056768K
  class space    used 575K, capacity 616K, committed 640K, reserved 1048576K
Event: 2.037 GC heap after
Heap after GC invocations=1 (full 0):
 PSYoungGen      total 38400K, used 5091K [0x00000000eab00000, 0x00000000ef600000, 0x0000000100000000)
  eden space 33280K, 0% used [0x00000000eab00000,0x00000000eab00000,0x00000000ecb80000)
  from space 5120K, 99% used [0x00000000ecb80000,0x00000000ed078ec8,0x00000000ed080000)
  to   space 5120K, 0% used [0x00000000ef100000,0x00000000ef100000,0x00000000ef600000)
 ParOldGen       total 87552K, used 1392K [0x00000000c0000000, 0x00000000c5580000, 0x00000000eab00000)
  object space 87552K, 1% used [0x00000000c0000000,0x00000000c015c320,0x00000000c5580000)
 Metaspace       used 5941K, capacity 6960K, committed 7040K, reserved 1056768K
  class space    used 575K, capacity 616K, committed 640K, reserved 1048576K
}

Deoptimization events (10 events):
Event: 1.687 Thread 0x0000000001e32800 Uncommon trap: reason=unstable_if action=reinterpret pc=0x000000000227683c method=com.android.dx.rop.code.RegisterSpec.equals(ILcom/android/dx/rop/type/TypeBearer;Lcom/android/dx/rop/code/LocalItem;)Z @ 42
Event: 1.846 Thread 0x0000000001e32800 Uncommon trap: reason=bimorphic action=maybe_recompile pc=0x000000000222a76c method=java.util.HashMap.getNode(ILjava/lang/Object;)Ljava/util/HashMap$Node; @ 126
Event: 1.846 Thread 0x0000000001e32800 Uncommon trap: reason=class_check action=maybe_recompile pc=0x00000000022c95a8 method=java.util.HashMap.putVal(ILjava/lang/Object;Ljava/lang/Object;ZZ)Ljava/lang/Object; @ 203
Event: 1.846 Thread 0x0000000001e32800 Uncommon trap: reason=bimorphic action=maybe_recompile pc=0x000000000222a76c method=java.util.HashMap.getNode(ILjava/lang/Object;)Ljava/util/HashMap$Node; @ 126
Event: 1.846 Thread 0x0000000001e32800 Uncommon trap: reason=class_check action=maybe_recompile pc=0x00000000022c95a8 method=java.util.HashMap.putVal(ILjava/lang/Object;Ljava/lang/Object;ZZ)Ljava/lang/Object; @ 203
Event: 1.846 Thread 0x0000000001e32800 Uncommon trap: reason=bimorphic action=maybe_recompile pc=0x000000000222a76c method=java.util.HashMap.getNode(ILjava/lang/Object;)Ljava/util/HashMap$Node; @ 126
Event: 1.846 Thread 0x0000000001e32800 Uncommon trap: reason=class_check action=maybe_recompile pc=0x00000000022c95a8 method=java.util.HashMap.putVal(ILjava/lang/Object;Ljava/lang/Object;ZZ)Ljava/lang/Object; @ 203
Event: 1.846 Thread 0x0000000001e32800 Uncommon trap: reason=bimorphic action=maybe_recompile pc=0x000000000222a76c method=java.util.HashMap.getNode(ILjava/lang/Object;)Ljava/util/HashMap$Node; @ 126
Event: 1.846 Thread 0x0000000001e32800 Uncommon trap: reason=class_check action=maybe_recompile pc=0x00000000022c95a8 method=java.util.HashMap.putVal(ILjava/lang/Object;Ljava/lang/Object;ZZ)Ljava/lang/Object; @ 203
Event: 1.846 Thread 0x0000000001e32800 Uncommon trap: reason=class_check action=maybe_recompile pc=0x00000000022c1694 method=java.util.HashMap.putVal(ILjava/lang/Object;Ljava/lang/Object;ZZ)Ljava/lang/Object; @ 203

Internal exceptions (2 events):
Event: 0.056 Thread 0x0000000001e32800 Exception <a 'java/lang/NoSuchMethodError': Method sun.misc.Unsafe.defineClass(Ljava/lang/String;[BII)Ljava/lang/Class; name or signature does not match> (0x00000000eab07cc0) thrown at [C:\src\android\AOSP-openjdk\external\jetbrains\jdk\hotspot\src\share\v‘x√f∫û¨?
Event: 0.056 Thread 0x0000000001e32800 Exception <a 'java/lang/NoSuchMethodError': Method sun.misc.Unsafe.prefetchRead(Ljava/lang/Object;J)V name or signature does not match> (0x00000000eab07fa8) thrown at [C:\src\android\AOSP-openjdk\external\jetbrains\jdk\hotspot\src\share\vm\prims\jni.cpp, l

Events (10 events):
Event: 1.846 Thread 0x0000000001e32800 DEOPT PACKING pc=0x00000000022c1694 sp=0x0000000001dfe700
Event: 1.846 Thread 0x0000000001e32800 DEOPT UNPACKING pc=0x0000000001fa556a sp=0x0000000001dfe6b8 mode 2
Event: 1.901 Thread 0x0000000001e32800 DEOPT PACKING pc=0x00000000022d82d3 sp=0x0000000001dfe6c0
Event: 1.901 Thread 0x0000000001e32800 DEOPT UNPACKING pc=0x0000000001fa75bf sp=0x0000000001dfe488 mode 0
Event: 1.955 Executing VM operation: ParallelGCFailedAllocation
Event: 2.037 Executing VM operation: ParallelGCFailedAllocation done
Event: 2.071 Thread 0x0000000001e32800 DEOPT PACKING pc=0x00000000022da578 sp=0x0000000001dfe730
Event: 2.071 Thread 0x0000000001e32800 DEOPT UNPACKING pc=0x0000000001fa75bf sp=0x0000000001dfe520 mode 0
Event: 2.174 loading class com/android/dx/cf/attrib/AttExceptions
Event: 2.174 loading class com/android/dx/cf/attrib/AttExceptions done


Dynamic libraries:
0x00007ff7b8a70000 - 0x00007ff7b8aa1000 	C:\Program Files\Android\Android Studio\jre\bin\java.exe
0x00007ffc5c530000 - 0x00007ffc5c6dd000 	C:\windows\SYSTEM32\ntdll.dll
0x00007ffc5a7a0000 - 0x00007ffc5a8de000 	C:\windows\system32\KERNEL32.DLL
0x00007ffc59a90000 - 0x00007ffc59ba5000 	C:\windows\system32\KERNELBASE.dll
0x00007ffc5a230000 - 0x00007ffc5a2da000 	C:\windows\system32\ADVAPI32.dll
0x00007ffc5a3e0000 - 0x00007ffc5a557000 	C:\windows\system32\USER32.dll
0x00007ffc57ac0000 - 0x00007ffc57d3a000 	C:\windows\WinSxS\amd64_microsoft.windows.common-controls_6595b64144ccf1df_6.0.9600.17810_none_6240b9c7ecbd0bda\COMCTL32.dll
0x00007ffc59ed0000 - 0x00007ffc59f7a000 	C:\windows\system32\msvcrt.dll
0x00007ffc5a720000 - 0x00007ffc5a779000 	C:\windows\SYSTEM32\sechost.dll
0x00007ffc5a940000 - 0x00007ffc5aa80000 	C:\windows\system32\RPCRT4.dll
0x00007ffc59f80000 - 0x00007ffc5a0cf000 	C:\windows\system32\GDI32.dll
0x00007ffc59950000 - 0x00007ffc5997e000 	C:\windows\system32\SspiCli.dll
0x00007ffc5a2e0000 - 0x00007ffc5a316000 	C:\windows\system32\IMM32.DLL
0x00007ffc5a0d0000 - 0x00007ffc5a222000 	C:\windows\system32\MSCTF.dll
0x00007ffc4cb60000 - 0x00007ffc4cc07000 	C:\Program Files\McAfee\Host Intrusion Prevention\HcApi.dll
0x0000000075650000 - 0x000000007565c000 	C:\Program Files\McAfee\Host Intrusion Prevention\HcThe.dll
0x0000000074b90000 - 0x0000000074c62000 	C:\Program Files\Android\Android Studio\jre\jre\bin\msvcr100.dll
0x0000000072270000 - 0x0000000072aa4000 	C:\Program Files\Android\Android Studio\jre\jre\bin\server\jvm.dll
0x00007ffc50bc0000 - 0x00007ffc50bc9000 	C:\windows\SYSTEM32\WSOCK32.dll
0x00007ffc541d0000 - 0x00007ffc541f2000 	C:\windows\SYSTEM32\WINMM.dll
0x00007ffc533d0000 - 0x00007ffc533da000 	C:\windows\SYSTEM32\VERSION.dll
0x00007ffc5a790000 - 0x00007ffc5a797000 	C:\windows\system32\PSAPI.DLL
0x00007ffc5af30000 - 0x00007ffc5af8a000 	C:\windows\system32\WS2_32.dll
0x00007ffc53c60000 - 0x00007ffc53c8a000 	C:\windows\SYSTEM32\WINMMBASE.dll
0x00007ffc5a780000 - 0x00007ffc5a789000 	C:\windows\system32\NSI.dll
0x00007ffc59720000 - 0x00007ffc5976f000 	C:\windows\SYSTEM32\cfgmgr32.dll
0x00007ffc58470000 - 0x00007ffc58498000 	C:\windows\SYSTEM32\DEVOBJ.dll
0x00007ffc56280000 - 0x00007ffc5628f000 	C:\Program Files\Android\Android Studio\jre\jre\bin\verify.dll
0x00007ffc54200000 - 0x00007ffc54229000 	C:\Program Files\Android\Android Studio\jre\jre\bin\java.dll
0x00007ffc53d90000 - 0x00007ffc53da6000 	C:\Program Files\Android\Android Studio\jre\jre\bin\zip.dll
0x0000000015a90000 - 0x0000000016fb8000 	C:\windows\system32\SHELL32.dll
0x00007ffc5aa80000 - 0x00007ffc5ac91000 	C:\windows\SYSTEM32\combase.dll
0x00007ffc59bb0000 - 0x00007ffc59c04000 	C:\windows\system32\SHLWAPI.dll
0x00007ffc57f40000 - 0x00007ffc57ff2000 	C:\windows\SYSTEM32\SHCORE.dll
0x00007ffc59650000 - 0x00007ffc59665000 	C:\windows\SYSTEM32\profapi.dll

VM Arguments:
jvm_args: -Djava.awt.headless=true -Xmx1024M -Dfile.encoding=windows-1252 -Duser.country=US -Duser.language=en -Duser.variant 
java_command: com.android.dx.command.Main --dex --force-jumbo --num-threads=4 --multi-dex --output D:\Projects_\MyProjs\Res\app\build\intermediates\transforms\dex\debug\folders\1000\10\com.android.support-mediarouter-v7-24.0.0_89250f8768911777e2174ff729f551ff279c47aa D:\Projects_\MyProjs\Res\app\build\intermediates\exploded-aar\com.android.support\mediarouter-v7\24.0.0\jars\classes.jar
java_class_path (initial): C:\Run\AndroidFullUpdate\android-sdk-windows\build-tools\25.0.2\lib\dx.jar
Launcher Type: SUN_STANDARD

Environment Variables:
JAVA_HOME=C:\Program Files\Java\jdk1.8.0_92
PATH=C:\ProgramData\Oracle\Java\javapath;C:\Program Files (x86)\RSA SecurID Token Common;C:\windows\system32;C:\windows;C:\windows\System32\Wbem;C:\windows\System32\WindowsPowerShell\v1.0\;%JAVA_HOME%\bin;C:\Run\AndroidFullUpdate\android-sdk-windows\platform-tools;C:\Program Files (x86)\Git\cmd;C:\Program Files (x86)\Brackets\command;C:\Program Files (x86)\Skype\Phone\;C:\Program Files (x86)\QuickTime\QTSystem\;C:\Program Files\nodejs\;C:\Program Files\Java\jdk1.8.0_92\bin;C:\Run\android-ndk-r11c-windows-x86_64\android-ndk-r11c;C:\xampp\php;C:\ProgramData\ComposerSetup\bin;C:\Program Files (x86)\Common Files\lenovo\easyplussdk\bin;C:\Program Files\TortoiseSVN\bin;C:\Run\AndroidFullUpdate\android-sdk-windows\platform-tools;C:\Run\AndroidFullUpdate\android-sdk-windows\tools;C:\Users\sheikb\AppData\Roaming\npm;C:\Users\sheikb\AppData\Roaming\Composer\vendor\bin; C:\Program Files\Java\jdk1.8.0_92\bin
USERNAME=sheikb
OS=Windows_NT
PROCESSOR_IDENTIFIER=Intel64 Family 6 Model 69 Stepping 1, GenuineIntel



---------------  S Y S T E M  ---------------

OS: Windows 8.1 , 64 bit Build 9600 (6.3.9600.17415)

CPU:total 4 (2 cores per cpu, 2 threads per core) family 6 model 69 stepping 1, cmov, cx8, fxsr, mmx, sse, sse2, sse3, ssse3, sse4.1, sse4.2, popcnt, avx, avx2, aes, clmul, erms, lzcnt, ht, tsc, tscinvbit, bmi1, bmi2

Memory: 4k page, physical 8283180k(887252k free), swap 11428908k(5316k free)

vm_info: OpenJDK 64-Bit Server VM (25.76-b03) for windows-amd64 JRE (1.8.0_76-release-b03), built on Jun 29 2016 19:09:20 by "ralucas" with MS VC++ 10.0 (VS2010)

time: Thu Feb 16 20:15:49 2017
elapsed time: 2 seconds (0d 0h 0m 2s)

